{"C:\\Users\\dhiresh\\OneDrive\\Desktop\\code\\learning\\cybernet-lab\\backend\\server.js": {"path":"C:\\Users\\dhiresh\\OneDrive\\Desktop\\code\\learning\\cybernet-lab\\backend\\server.js","statementMap":{"0":{"start":{"line":1,"column":0},"end":{"line":1,"column":27}},"1":{"start":{"line":2,"column":16},"end":{"line":2,"column":34}},"2":{"start":{"line":3,"column":13},"end":{"line":3,"column":28}},"3":{"start":{"line":4,"column":18},"end":{"line":4,"column":31}},"4":{"start":{"line":5,"column":13},"end":{"line":5,"column":28}},"5":{"start":{"line":6,"column":15},"end":{"line":6,"column":32}},"6":{"start":{"line":7,"column":23},"end":{"line":7,"column":38}},"7":{"start":{"line":8,"column":27},"end":{"line":8,"column":54}},"8":{"start":{"line":9,"column":29},"end":{"line":9,"column":62}},"9":{"start":{"line":10,"column":26},"end":{"line":10,"column":57}},"10":{"start":{"line":38,"column":4},"end":{"line":38,"column":33}},"11":{"start":{"line":39,"column":24},"end":{"line":39,"column":51}},"12":{"start":{"line":40,"column":27},"end":{"line":40,"column":57}},"13":{"start":{"line":41,"column":23},"end":{"line":41,"column":49}},"14":{"start":{"line":42,"column":26},"end":{"line":42,"column":61}},"15":{"start":{"line":43,"column":22},"end":{"line":43,"column":53}},"16":{"start":{"line":44,"column":28},"end":{"line":44,"column":59}},"17":{"start":{"line":45,"column":40},"end":{"line":45,"column":64}},"18":{"start":{"line":46,"column":41},"end":{"line":46,"column":74}},"19":{"start":{"line":47,"column":26},"end":{"line":47,"column":65}},"20":{"start":{"line":49,"column":12},"end":{"line":49,"column":21}},"21":{"start":{"line":50,"column":15},"end":{"line":50,"column":37}},"22":{"start":{"line":51,"column":12},"end":{"line":51,"column":44}},"23":{"start":{"line":53,"column":0},"end":{"line":53,"column":18}},"24":{"start":{"line":54,"column":0},"end":{"line":54,"column":16}},"25":{"start":{"line":55,"column":0},"end":{"line":55,"column":40}},"26":{"start":{"line":56,"column":0},"end":{"line":56,"column":62}},"27":{"start":{"line":58,"column":0},"end":{"line":63,"column":3}},"28":{"start":{"line":59,"column":2},"end":{"line":61,"column":3}},"29":{"start":{"line":60,"column":4},"end":{"line":60,"column":93}},"30":{"start":{"line":62,"column":2},"end":{"line":62,"column":9}},"31":{"start":{"line":65,"column":13},"end":{"line":65,"column":37}},"32":{"start":{"line":66,"column":18},"end":{"line":66,"column":48}},"33":{"start":{"line":68,"column":20},"end":{"line":68,"column":37}},"34":{"start":{"line":69,"column":23},"end":{"line":69,"column":43}},"35":{"start":{"line":70,"column":22},"end":{"line":70,"column":41}},"36":{"start":{"line":71,"column":18},"end":{"line":71,"column":33}},"37":{"start":{"line":72,"column":24},"end":{"line":72,"column":45}},"38":{"start":{"line":78,"column":0},"end":{"line":78,"column":11}},"39":{"start":{"line":80,"column":0},"end":{"line":82,"column":3}},"40":{"start":{"line":81,"column":2},"end":{"line":81,"column":127}},"41":{"start":{"line":84,"column":0},"end":{"line":84,"column":36}},"42":{"start":{"line":85,"column":0},"end":{"line":85,"column":39}},"43":{"start":{"line":86,"column":0},"end":{"line":86,"column":48}},"44":{"start":{"line":87,"column":0},"end":{"line":87,"column":69}},"45":{"start":{"line":88,"column":0},"end":{"line":88,"column":68}},"46":{"start":{"line":89,"column":0},"end":{"line":89,"column":54}},"47":{"start":{"line":90,"column":0},"end":{"line":90,"column":55}},"48":{"start":{"line":91,"column":0},"end":{"line":91,"column":48}},"49":{"start":{"line":92,"column":0},"end":{"line":92,"column":70}},"50":{"start":{"line":93,"column":0},"end":{"line":93,"column":64}},"51":{"start":{"line":94,"column":0},"end":{"line":94,"column":62}},"52":{"start":{"line":95,"column":0},"end":{"line":95,"column":76}},"53":{"start":{"line":96,"column":0},"end":{"line":96,"column":73}},"54":{"start":{"line":97,"column":0},"end":{"line":97,"column":79}},"55":{"start":{"line":99,"column":0},"end":{"line":99,"column":45}},"56":{"start":{"line":100,"column":0},"end":{"line":100,"column":42}},"57":{"start":{"line":101,"column":0},"end":{"line":101,"column":52}},"58":{"start":{"line":102,"column":0},"end":{"line":102,"column":52}},"59":{"start":{"line":103,"column":0},"end":{"line":103,"column":45}},"60":{"start":{"line":104,"column":0},"end":{"line":104,"column":61}},"61":{"start":{"line":105,"column":0},"end":{"line":105,"column":48}},"62":{"start":{"line":106,"column":0},"end":{"line":106,"column":57}},"63":{"start":{"line":107,"column":0},"end":{"line":107,"column":77}},"64":{"start":{"line":108,"column":0},"end":{"line":108,"column":55}},"65":{"start":{"line":109,"column":0},"end":{"line":109,"column":55}},"66":{"start":{"line":110,"column":0},"end":{"line":110,"column":51}},"67":{"start":{"line":112,"column":0},"end":{"line":119,"column":3}},"68":{"start":{"line":113,"column":2},"end":{"line":118,"column":3}},"69":{"start":{"line":114,"column":22},"end":{"line":114,"column":55}},"70":{"start":{"line":115,"column":4},"end":{"line":115,"column":24}},"71":{"start":{"line":117,"column":4},"end":{"line":117,"column":49}},"72":{"start":{"line":121,"column":0},"end":{"line":129,"column":3}},"73":{"start":{"line":122,"column":2},"end":{"line":128,"column":3}},"74":{"start":{"line":123,"column":33},"end":{"line":123,"column":41}},"75":{"start":{"line":124,"column":19},"end":{"line":124,"column":64}},"76":{"start":{"line":125,"column":4},"end":{"line":125,"column":21}},"77":{"start":{"line":127,"column":4},"end":{"line":127,"column":49}},"78":{"start":{"line":131,"column":0},"end":{"line":140,"column":3}},"79":{"start":{"line":132,"column":2},"end":{"line":139,"column":3}},"80":{"start":{"line":133,"column":19},"end":{"line":133,"column":29}},"81":{"start":{"line":134,"column":19},"end":{"line":134,"column":27}},"82":{"start":{"line":135,"column":19},"end":{"line":135,"column":57}},"83":{"start":{"line":136,"column":4},"end":{"line":136,"column":21}},"84":{"start":{"line":138,"column":4},"end":{"line":138,"column":49}},"85":{"start":{"line":142,"column":0},"end":{"line":150,"column":3}},"86":{"start":{"line":143,"column":2},"end":{"line":149,"column":3}},"87":{"start":{"line":144,"column":19},"end":{"line":144,"column":29}},"88":{"start":{"line":145,"column":4},"end":{"line":145,"column":33}},"89":{"start":{"line":146,"column":4},"end":{"line":146,"column":60}},"90":{"start":{"line":148,"column":4},"end":{"line":148,"column":49}},"91":{"start":{"line":152,"column":0},"end":{"line":161,"column":5}},"92":{"start":{"line":153,"column":20},"end":{"line":153,"column":65}},"93":{"start":{"line":153,"column":38},"end":{"line":153,"column":65}},"94":{"start":{"line":154,"column":4},"end":{"line":154,"column":39}},"95":{"start":{"line":156,"column":22},"end":{"line":156,"column":34}},"96":{"start":{"line":157,"column":20},"end":{"line":157,"column":43}},"97":{"start":{"line":158,"column":4},"end":{"line":160,"column":5}},"98":{"start":{"line":159,"column":6},"end":{"line":159,"column":74}},"99":{"start":{"line":166,"column":3},"end":{"line":171,"column":12}},"100":{"start":{"line":167,"column":23},"end":{"line":167,"column":56}},"101":{"start":{"line":168,"column":5},"end":{"line":170,"column":6}},"102":{"start":{"line":169,"column":7},"end":{"line":169,"column":44}},"103":{"start":{"line":174,"column":0},"end":{"line":174,"column":20}},"104":{"start":{"line":177,"column":3},"end":{"line":215,"column":4}},"105":{"start":{"line":178,"column":5},"end":{"line":178,"column":33}},"106":{"start":{"line":179,"column":18},"end":{"line":179,"column":48}},"107":{"start":{"line":180,"column":5},"end":{"line":180,"column":55}},"108":{"start":{"line":180,"column":15},"end":{"line":180,"column":55}},"109":{"start":{"line":182,"column":5},"end":{"line":182,"column":39}},"110":{"start":{"line":183,"column":5},"end":{"line":183,"column":70}},"111":{"start":{"line":184,"column":5},"end":{"line":184,"column":47}},"112":{"start":{"line":186,"column":5},"end":{"line":192,"column":6}},"113":{"start":{"line":187,"column":7},"end":{"line":187,"column":78}},"114":{"start":{"line":188,"column":7},"end":{"line":188,"column":35}},"115":{"start":{"line":189,"column":7},"end":{"line":189,"column":63}},"116":{"start":{"line":191,"column":7},"end":{"line":191,"column":95}},"117":{"start":{"line":194,"column":5},"end":{"line":194,"column":31}},"118":{"start":{"line":196,"column":5},"end":{"line":205,"column":15}},"119":{"start":{"line":197,"column":19},"end":{"line":197,"column":29}},"120":{"start":{"line":198,"column":7},"end":{"line":204,"column":8}},"121":{"start":{"line":199,"column":9},"end":{"line":203,"column":10}},"122":{"start":{"line":200,"column":11},"end":{"line":200,"column":51}},"123":{"start":{"line":200,"column":17},"end":{"line":200,"column":36}},"124":{"start":{"line":201,"column":11},"end":{"line":201,"column":31}},"125":{"start":{"line":202,"column":11},"end":{"line":202,"column":31}},"126":{"start":{"line":207,"column":5},"end":{"line":207,"column":70}},"127":{"start":{"line":208,"column":5},"end":{"line":208,"column":43}},"128":{"start":{"line":209,"column":5},"end":{"line":210,"column":67}},"129":{"start":{"line":209,"column":15},"end":{"line":209,"column":51}},"130":{"start":{"line":210,"column":10},"end":{"line":210,"column":67}},"131":{"start":{"line":211,"column":5},"end":{"line":211,"column":97}},"132":{"start":{"line":213,"column":5},"end":{"line":213,"column":51}},"133":{"start":{"line":214,"column":5},"end":{"line":214,"column":21}},"134":{"start":{"line":218,"column":0},"end":{"line":218,"column":7}},"135":{"start":{"line":221,"column":3},"end":{"line":221,"column":59}},"136":{"start":{"line":221,"column":26},"end":{"line":221,"column":59}},"137":{"start":{"line":222,"column":3},"end":{"line":222,"column":69}},"138":{"start":{"line":222,"column":31},"end":{"line":222,"column":69}},"139":{"start":{"line":223,"column":3},"end":{"line":223,"column":37}},"140":{"start":{"line":223,"column":19},"end":{"line":223,"column":37}},"141":{"start":{"line":224,"column":3},"end":{"line":224,"column":34}},"142":{"start":{"line":225,"column":3},"end":{"line":225,"column":37}},"143":{"start":{"line":228,"column":0},"end":{"line":232,"column":3}},"144":{"start":{"line":229,"column":2},"end":{"line":229,"column":47}},"145":{"start":{"line":230,"column":2},"end":{"line":230,"column":15}},"146":{"start":{"line":231,"column":2},"end":{"line":231,"column":18}},"147":{"start":{"line":234,"column":0},"end":{"line":234,"column":59}}},"fnMap":{"0":{"name":"(anonymous_0)","decl":{"start":{"line":58,"column":8},"end":{"line":58,"column":9}},"loc":{"start":{"line":58,"column":28},"end":{"line":63,"column":1}},"line":58},"1":{"name":"(anonymous_1)","decl":{"start":{"line":80,"column":23},"end":{"line":80,"column":24}},"loc":{"start":{"line":80,"column":37},"end":{"line":82,"column":1}},"line":80},"2":{"name":"(anonymous_2)","decl":{"start":{"line":112,"column":26},"end":{"line":112,"column":27}},"loc":{"start":{"line":112,"column":46},"end":{"line":119,"column":1}},"line":112},"3":{"name":"(anonymous_3)","decl":{"start":{"line":121,"column":30},"end":{"line":121,"column":31}},"loc":{"start":{"line":121,"column":50},"end":{"line":129,"column":1}},"line":121},"4":{"name":"(anonymous_4)","decl":{"start":{"line":131,"column":31},"end":{"line":131,"column":32}},"loc":{"start":{"line":131,"column":51},"end":{"line":140,"column":1}},"line":131},"5":{"name":"(anonymous_5)","decl":{"start":{"line":142,"column":31},"end":{"line":142,"column":32}},"loc":{"start":{"line":142,"column":51},"end":{"line":150,"column":1}},"line":142},"6":{"name":"(anonymous_6)","decl":{"start":{"line":152,"column":21},"end":{"line":152,"column":22}},"loc":{"start":{"line":152,"column":34},"end":{"line":161,"column":3}},"line":152},"7":{"name":"(anonymous_7)","decl":{"start":{"line":153,"column":20},"end":{"line":153,"column":21}},"loc":{"start":{"line":153,"column":38},"end":{"line":153,"column":65}},"line":153},"8":{"name":"startTelemetryBroadcast","decl":{"start":{"line":165,"column":15},"end":{"line":165,"column":38}},"loc":{"start":{"line":165,"column":41},"end":{"line":172,"column":2}},"line":165},"9":{"name":"(anonymous_9)","decl":{"start":{"line":166,"column":35},"end":{"line":166,"column":36}},"loc":{"start":{"line":166,"column":47},"end":{"line":171,"column":4}},"line":166},"10":{"name":"init","decl":{"start":{"line":176,"column":15},"end":{"line":176,"column":19}},"loc":{"start":{"line":176,"column":22},"end":{"line":216,"column":2}},"line":176},"11":{"name":"(anonymous_11)","decl":{"start":{"line":196,"column":42},"end":{"line":196,"column":43}},"loc":{"start":{"line":196,"column":48},"end":{"line":205,"column":6}},"line":196},"12":{"name":"stop","decl":{"start":{"line":220,"column":15},"end":{"line":220,"column":19}},"loc":{"start":{"line":220,"column":22},"end":{"line":226,"column":2}},"line":220},"13":{"name":"(anonymous_13)","decl":{"start":{"line":228,"column":21},"end":{"line":228,"column":22}},"loc":{"start":{"line":228,"column":33},"end":{"line":232,"column":1}},"line":228}},"branchMap":{"0":{"loc":{"start":{"line":59,"column":2},"end":{"line":61,"column":3}},"type":"if","locations":[{"start":{"line":59,"column":2},"end":{"line":61,"column":3}},{"start":{},"end":{}}],"line":59},"1":{"loc":{"start":{"line":59,"column":23},"end":{"line":59,"column":61}},"type":"binary-expr","locations":[{"start":{"line":59,"column":23},"end":{"line":59,"column":29}},{"start":{"line":59,"column":33},"end":{"line":59,"column":61}}],"line":59},"2":{"loc":{"start":{"line":65,"column":13},"end":{"line":65,"column":37}},"type":"binary-expr","locations":[{"start":{"line":65,"column":13},"end":{"line":65,"column":29}},{"start":{"line":65,"column":33},"end":{"line":65,"column":37}}],"line":65},"3":{"loc":{"start":{"line":66,"column":18},"end":{"line":66,"column":48}},"type":"binary-expr","locations":[{"start":{"line":66,"column":18},"end":{"line":66,"column":39}},{"start":{"line":66,"column":43},"end":{"line":66,"column":48}}],"line":66},"4":{"loc":{"start":{"line":158,"column":4},"end":{"line":160,"column":5}},"type":"if","locations":[{"start":{"line":158,"column":4},"end":{"line":160,"column":5}},{"start":{},"end":{}}],"line":158},"5":{"loc":{"start":{"line":159,"column":36},"end":{"line":159,"column":72}},"type":"binary-expr","locations":[{"start":{"line":159,"column":36},"end":{"line":159,"column":66}},{"start":{"line":159,"column":70},"end":{"line":159,"column":72}}],"line":159},"6":{"loc":{"start":{"line":168,"column":5},"end":{"line":170,"column":6}},"type":"if","locations":[{"start":{"line":168,"column":5},"end":{"line":170,"column":6}},{"start":{},"end":{}}],"line":168},"7":{"loc":{"start":{"line":180,"column":5},"end":{"line":180,"column":55}},"type":"if","locations":[{"start":{"line":180,"column":5},"end":{"line":180,"column":55}},{"start":{},"end":{}}],"line":180},"8":{"loc":{"start":{"line":199,"column":9},"end":{"line":203,"column":10}},"type":"if","locations":[{"start":{"line":199,"column":9},"end":{"line":203,"column":10}},{"start":{},"end":{}}],"line":199},"9":{"loc":{"start":{"line":209,"column":5},"end":{"line":210,"column":67}},"type":"if","locations":[{"start":{"line":209,"column":5},"end":{"line":210,"column":67}},{"start":{"line":210,"column":10},"end":{"line":210,"column":67}}],"line":209},"10":{"loc":{"start":{"line":211,"column":26},"end":{"line":211,"column":93}},"type":"cond-expr","locations":[{"start":{"line":211,"column":56},"end":{"line":211,"column":79}},{"start":{"line":211,"column":82},"end":{"line":211,"column":93}}],"line":211},"11":{"loc":{"start":{"line":221,"column":3},"end":{"line":221,"column":59}},"type":"if","locations":[{"start":{"line":221,"column":3},"end":{"line":221,"column":59}},{"start":{},"end":{}}],"line":221},"12":{"loc":{"start":{"line":222,"column":3},"end":{"line":222,"column":69}},"type":"if","locations":[{"start":{"line":222,"column":3},"end":{"line":222,"column":69}},{"start":{},"end":{}}],"line":222},"13":{"loc":{"start":{"line":223,"column":3},"end":{"line":223,"column":37}},"type":"if","locations":[{"start":{"line":223,"column":3},"end":{"line":223,"column":37}},{"start":{},"end":{}}],"line":223}},"s":{"0":4,"1":4,"2":4,"3":4,"4":4,"5":4,"6":4,"7":4,"8":4,"9":4,"10":4,"11":4,"12":4,"13":4,"14":4,"15":4,"16":4,"17":4,"18":4,"19":4,"20":4,"21":4,"22":4,"23":4,"24":4,"25":4,"26":4,"27":4,"28":35,"29":0,"30":35,"31":4,"32":4,"33":4,"34":4,"35":4,"36":4,"37":4,"38":4,"39":4,"40":1,"41":4,"42":4,"43":4,"44":4,"45":4,"46":4,"47":4,"48":4,"49":4,"50":4,"51":4,"52":4,"53":4,"54":4,"55":4,"56":4,"57":4,"58":4,"59":4,"60":4,"61":4,"62":4,"63":4,"64":4,"65":4,"66":4,"67":4,"68":0,"69":0,"70":0,"71":0,"72":4,"73":0,"74":0,"75":0,"76":0,"77":0,"78":4,"79":0,"80":0,"81":0,"82":0,"83":0,"84":0,"85":4,"86":0,"87":0,"88":0,"89":0,"90":0,"91":4,"92":48,"93":38,"94":48,"95":48,"96":48,"97":48,"98":48,"99":4,"100":0,"101":0,"102":0,"103":4,"104":4,"105":4,"106":4,"107":4,"108":4,"109":4,"110":4,"111":4,"112":4,"113":4,"114":4,"115":4,"116":0,"117":4,"118":4,"119":0,"120":0,"121":0,"122":0,"123":0,"124":0,"125":0,"126":4,"127":4,"128":4,"129":4,"130":0,"131":4,"132":0,"133":0,"134":4,"135":1,"136":1,"137":1,"138":1,"139":1,"140":1,"141":1,"142":1,"143":4,"144":0,"145":0,"146":0,"147":4},"f":{"0":35,"1":1,"2":0,"3":0,"4":0,"5":0,"6":48,"7":38,"8":4,"9":0,"10":4,"11":0,"12":1,"13":0},"b":{"0":[0,35],"1":[35,0],"2":[4,0],"3":[4,3],"4":[48,0],"5":[48,0],"6":[0,0],"7":[4,0],"8":[0,0],"9":[4,0],"10":[4,0],"11":[1,0],"12":[1,0],"13":[1,0]},"_coverageSchema":"1a1c01bbd47fc00a2c39e90264f33305004495a9","hash":"6603628d6bb1845e70c60186f1822680e5467935"}
,"C:\\Users\\dhiresh\\OneDrive\\Desktop\\code\\learning\\cybernet-lab\\backend\\data\\labLoader.js": {"path":"C:\\Users\\dhiresh\\OneDrive\\Desktop\\code\\learning\\cybernet-lab\\backend\\data\\labLoader.js","statementMap":{"0":{"start":{"line":1,"column":11},"end":{"line":1,"column":24}},"1":{"start":{"line":2,"column":13},"end":{"line":2,"column":28}},"2":{"start":{"line":4,"column":17},"end":{"line":4,"column":42}},"3":{"start":{"line":12,"column":2},"end":{"line":33,"column":3}},"4":{"start":{"line":13,"column":21},"end":{"line":13,"column":104}},"5":{"start":{"line":14,"column":4},"end":{"line":20,"column":5}},"6":{"start":{"line":15,"column":18},"end":{"line":15,"column":63}},"7":{"start":{"line":16,"column":6},"end":{"line":16,"column":56}},"8":{"start":{"line":16,"column":25},"end":{"line":16,"column":54}},"9":{"start":{"line":17,"column":6},"end":{"line":17,"column":67}},"10":{"start":{"line":19,"column":6},"end":{"line":19,"column":64}},"11":{"start":{"line":22,"column":19},"end":{"line":22,"column":96}},"12":{"start":{"line":23,"column":4},"end":{"line":30,"column":5}},"13":{"start":{"line":24,"column":6},"end":{"line":28,"column":9}},"14":{"start":{"line":25,"column":8},"end":{"line":25,"column":44}},"15":{"start":{"line":25,"column":37},"end":{"line":25,"column":44}},"16":{"start":{"line":26,"column":20},"end":{"line":26,"column":80}},"17":{"start":{"line":27,"column":8},"end":{"line":27,"column":38}},"18":{"start":{"line":29,"column":6},"end":{"line":29,"column":69}},"19":{"start":{"line":32,"column":4},"end":{"line":32,"column":50}},"20":{"start":{"line":36,"column":0},"end":{"line":36,"column":36}}},"fnMap":{"0":{"name":"loadLabs","decl":{"start":{"line":11,"column":9},"end":{"line":11,"column":17}},"loc":{"start":{"line":11,"column":20},"end":{"line":34,"column":1}},"line":11},"1":{"name":"(anonymous_1)","decl":{"start":{"line":16,"column":18},"end":{"line":16,"column":19}},"loc":{"start":{"line":16,"column":25},"end":{"line":16,"column":54}},"line":16},"2":{"name":"(anonymous_2)","decl":{"start":{"line":24,"column":37},"end":{"line":24,"column":38}},"loc":{"start":{"line":24,"column":45},"end":{"line":28,"column":7}},"line":24}},"branchMap":{"0":{"loc":{"start":{"line":14,"column":4},"end":{"line":20,"column":5}},"type":"if","locations":[{"start":{"line":14,"column":4},"end":{"line":20,"column":5}},{"start":{"line":18,"column":11},"end":{"line":20,"column":5}}],"line":14},"1":{"loc":{"start":{"line":23,"column":4},"end":{"line":30,"column":5}},"type":"if","locations":[{"start":{"line":23,"column":4},"end":{"line":30,"column":5}},{"start":{},"end":{}}],"line":23},"2":{"loc":{"start":{"line":25,"column":8},"end":{"line":25,"column":44}},"type":"if","locations":[{"start":{"line":25,"column":8},"end":{"line":25,"column":44}},{"start":{},"end":{}}],"line":25}},"s":{"0":4,"1":4,"2":4,"3":4,"4":4,"5":4,"6":4,"7":4,"8":988,"9":4,"10":0,"11":4,"12":4,"13":4,"14":8,"15":0,"16":8,"17":8,"18":4,"19":0,"20":4},"f":{"0":4,"1":988,"2":8},"b":{"0":[4,0],"1":[4,0],"2":[0,8]},"_coverageSchema":"1a1c01bbd47fc00a2c39e90264f33305004495a9","hash":"cac52e5adb95788af4bdc316230d416a80476db4"}
,"C:\\Users\\dhiresh\\OneDrive\\Desktop\\code\\learning\\cybernet-lab\\backend\\routes\\apiRoutes.js": {"path":"C:\\Users\\dhiresh\\OneDrive\\Desktop\\code\\learning\\cybernet-lab\\backend\\routes\\apiRoutes.js","statementMap":{"0":{"start":{"line":1,"column":17},"end":{"line":1,"column":45}},"1":{"start":{"line":2,"column":61},"end":{"line":2,"column":86}},"2":{"start":{"line":3,"column":23},"end":{"line":3,"column":38}},"3":{"start":{"line":4,"column":46},"end":{"line":4,"column":86}},"4":{"start":{"line":5,"column":24},"end":{"line":5,"column":58}},"5":{"start":{"line":19,"column":4},"end":{"line":19,"column":34}},"6":{"start":{"line":31,"column":4},"end":{"line":31,"column":42}},"7":{"start":{"line":38,"column":15},"end":{"line":46,"column":7}},"8":{"start":{"line":39,"column":19},"end":{"line":39,"column":41}},"9":{"start":{"line":40,"column":15},"end":{"line":46,"column":5}},"10":{"start":{"line":47,"column":2},"end":{"line":47,"column":17}},"11":{"start":{"line":51,"column":14},"end":{"line":51,"column":37}},"12":{"start":{"line":52,"column":2},"end":{"line":52,"column":68}},"13":{"start":{"line":52,"column":12},"end":{"line":52,"column":68}},"14":{"start":{"line":53,"column":2},"end":{"line":53,"column":85}},"15":{"start":{"line":53,"column":29},"end":{"line":53,"column":85}},"16":{"start":{"line":54,"column":2},"end":{"line":54,"column":16}},"17":{"start":{"line":58,"column":18},"end":{"line":58,"column":31}},"18":{"start":{"line":59,"column":21},"end":{"line":59,"column":72}},"19":{"start":{"line":60,"column":4},"end":{"line":62,"column":5}},"20":{"start":{"line":61,"column":6},"end":{"line":61,"column":95}},"21":{"start":{"line":63,"column":16},"end":{"line":63,"column":31}},"22":{"start":{"line":64,"column":4},"end":{"line":64,"column":95}},"23":{"start":{"line":64,"column":39},"end":{"line":64,"column":95}},"24":{"start":{"line":66,"column":23},"end":{"line":66,"column":56}},"25":{"start":{"line":68,"column":22},"end":{"line":68,"column":30}},"26":{"start":{"line":69,"column":29},"end":{"line":76,"column":5}},"27":{"start":{"line":78,"column":19},"end":{"line":78,"column":63}},"28":{"start":{"line":79,"column":4},"end":{"line":79,"column":75}},"29":{"start":{"line":79,"column":22},"end":{"line":79,"column":75}},"30":{"start":{"line":81,"column":23},"end":{"line":85,"column":5}},"31":{"start":{"line":87,"column":4},"end":{"line":87,"column":50}},"32":{"start":{"line":91,"column":14},"end":{"line":91,"column":37}},"33":{"start":{"line":92,"column":2},"end":{"line":92,"column":68}},"34":{"start":{"line":92,"column":12},"end":{"line":92,"column":68}},"35":{"start":{"line":94,"column":20},"end":{"line":94,"column":40}},"36":{"start":{"line":95,"column":19},"end":{"line":95,"column":42}},"37":{"start":{"line":97,"column":2},"end":{"line":99,"column":3}},"38":{"start":{"line":98,"column":4},"end":{"line":98,"column":70}},"39":{"start":{"line":100,"column":2},"end":{"line":102,"column":3}},"40":{"start":{"line":101,"column":4},"end":{"line":101,"column":70}},"41":{"start":{"line":104,"column":21},"end":{"line":108,"column":3}},"42":{"start":{"line":110,"column":2},"end":{"line":110,"column":71}},"43":{"start":{"line":114,"column":20},"end":{"line":114,"column":40}},"44":{"start":{"line":115,"column":19},"end":{"line":115,"column":42}},"45":{"start":{"line":117,"column":2},"end":{"line":119,"column":3}},"46":{"start":{"line":118,"column":4},"end":{"line":118,"column":70}},"47":{"start":{"line":120,"column":2},"end":{"line":122,"column":3}},"48":{"start":{"line":121,"column":4},"end":{"line":121,"column":70}},"49":{"start":{"line":124,"column":2},"end":{"line":124,"column":29}},"50":{"start":{"line":126,"column":2},"end":{"line":126,"column":39}},"51":{"start":{"line":130,"column":14},"end":{"line":130,"column":30}},"52":{"start":{"line":131,"column":16},"end":{"line":131,"column":37}},"53":{"start":{"line":132,"column":2},"end":{"line":132,"column":71}},"54":{"start":{"line":132,"column":14},"end":{"line":132,"column":71}},"55":{"start":{"line":133,"column":2},"end":{"line":133,"column":18}},"56":{"start":{"line":137,"column":14},"end":{"line":137,"column":30}},"57":{"start":{"line":138,"column":14},"end":{"line":138,"column":27}},"58":{"start":{"line":139,"column":2},"end":{"line":139,"column":68}},"59":{"start":{"line":139,"column":12},"end":{"line":139,"column":68}},"60":{"start":{"line":141,"column":16},"end":{"line":144,"column":3}},"61":{"start":{"line":147,"column":2},"end":{"line":150,"column":3}},"62":{"start":{"line":148,"column":23},"end":{"line":148,"column":68}},"63":{"start":{"line":148,"column":50},"end":{"line":148,"column":66}},"64":{"start":{"line":149,"column":4},"end":{"line":149,"column":89}},"65":{"start":{"line":149,"column":65},"end":{"line":149,"column":87}},"66":{"start":{"line":152,"column":2},"end":{"line":155,"column":3}},"67":{"start":{"line":153,"column":25},"end":{"line":153,"column":82}},"68":{"start":{"line":154,"column":4},"end":{"line":154,"column":31}},"69":{"start":{"line":157,"column":2},"end":{"line":159,"column":3}},"70":{"start":{"line":158,"column":4},"end":{"line":158,"column":83}},"71":{"start":{"line":161,"column":2},"end":{"line":161,"column":20}},"72":{"start":{"line":162,"column":2},"end":{"line":162,"column":32}},"73":{"start":{"line":164,"column":2},"end":{"line":164,"column":31}},"74":{"start":{"line":165,"column":2},"end":{"line":165,"column":35}},"75":{"start":{"line":169,"column":19},"end":{"line":169,"column":21}},"76":{"start":{"line":170,"column":2},"end":{"line":172,"column":5}},"77":{"start":{"line":171,"column":4},"end":{"line":171,"column":44}},"78":{"start":{"line":173,"column":2},"end":{"line":173,"column":21}},"79":{"start":{"line":177,"column":20},"end":{"line":177,"column":40}},"80":{"start":{"line":178,"column":19},"end":{"line":178,"column":41}},"81":{"start":{"line":179,"column":2},"end":{"line":179,"column":21}},"82":{"start":{"line":183,"column":20},"end":{"line":183,"column":40}},"83":{"start":{"line":184,"column":16},"end":{"line":184,"column":32}},"84":{"start":{"line":185,"column":19},"end":{"line":185,"column":41}},"85":{"start":{"line":186,"column":17},"end":{"line":186,"column":47}},"86":{"start":{"line":187,"column":2},"end":{"line":193,"column":5}},"87":{"start":{"line":197,"column":20},"end":{"line":197,"column":40}},"88":{"start":{"line":198,"column":16},"end":{"line":198,"column":32}},"89":{"start":{"line":199,"column":17},"end":{"line":199,"column":43}},"90":{"start":{"line":200,"column":2},"end":{"line":202,"column":3}},"91":{"start":{"line":201,"column":4},"end":{"line":201,"column":58}},"92":{"start":{"line":203,"column":2},"end":{"line":203,"column":28}},"93":{"start":{"line":207,"column":20},"end":{"line":207,"column":40}},"94":{"start":{"line":208,"column":16},"end":{"line":208,"column":32}},"95":{"start":{"line":209,"column":19},"end":{"line":209,"column":27}},"96":{"start":{"line":210,"column":17},"end":{"line":210,"column":56}},"97":{"start":{"line":211,"column":2},"end":{"line":213,"column":3}},"98":{"start":{"line":212,"column":4},"end":{"line":212,"column":59}},"99":{"start":{"line":214,"column":2},"end":{"line":214,"column":28}},"100":{"start":{"line":218,"column":20},"end":{"line":218,"column":40}},"101":{"start":{"line":219,"column":20},"end":{"line":219,"column":47}},"102":{"start":{"line":220,"column":2},"end":{"line":220,"column":22}},"103":{"start":{"line":224,"column":20},"end":{"line":224,"column":40}},"104":{"start":{"line":225,"column":17},"end":{"line":225,"column":41}},"105":{"start":{"line":226,"column":2},"end":{"line":226,"column":19}},"106":{"start":{"line":229,"column":30},"end":{"line":229,"column":65}},"107":{"start":{"line":230,"column":26},"end":{"line":230,"column":104}},"108":{"start":{"line":233,"column":17},"end":{"line":233,"column":39}},"109":{"start":{"line":234,"column":2},"end":{"line":236,"column":3}},"110":{"start":{"line":235,"column":4},"end":{"line":235,"column":57}},"111":{"start":{"line":237,"column":2},"end":{"line":237,"column":38}},"112":{"start":{"line":241,"column":17},"end":{"line":241,"column":43}},"113":{"start":{"line":242,"column":2},"end":{"line":244,"column":3}},"114":{"start":{"line":243,"column":4},"end":{"line":243,"column":63}},"115":{"start":{"line":245,"column":2},"end":{"line":245,"column":107}},"116":{"start":{"line":246,"column":2},"end":{"line":246,"column":249}},"117":{"start":{"line":246,"column":207},"end":{"line":246,"column":243}},"118":{"start":{"line":250,"column":17},"end":{"line":261,"column":3}},"119":{"start":{"line":262,"column":2},"end":{"line":262,"column":31}},"120":{"start":{"line":266,"column":17},"end":{"line":266,"column":54}},"121":{"start":{"line":267,"column":2},"end":{"line":270,"column":3}},"122":{"start":{"line":268,"column":23},"end":{"line":268,"column":69}},"123":{"start":{"line":269,"column":4},"end":{"line":269,"column":64}},"124":{"start":{"line":271,"column":2},"end":{"line":271,"column":26}},"125":{"start":{"line":275,"column":17},"end":{"line":275,"column":54}},"126":{"start":{"line":276,"column":2},"end":{"line":279,"column":3}},"127":{"start":{"line":277,"column":23},"end":{"line":277,"column":69}},"128":{"start":{"line":278,"column":4},"end":{"line":278,"column":64}},"129":{"start":{"line":280,"column":2},"end":{"line":280,"column":26}},"130":{"start":{"line":284,"column":17},"end":{"line":284,"column":53}},"131":{"start":{"line":285,"column":2},"end":{"line":287,"column":3}},"132":{"start":{"line":286,"column":4},"end":{"line":286,"column":57}},"133":{"start":{"line":288,"column":2},"end":{"line":288,"column":28}},"134":{"start":{"line":292,"column":17},"end":{"line":292,"column":62}},"135":{"start":{"line":293,"column":2},"end":{"line":295,"column":3}},"136":{"start":{"line":294,"column":4},"end":{"line":294,"column":57}},"137":{"start":{"line":296,"column":2},"end":{"line":296,"column":24}},"138":{"start":{"line":300,"column":17},"end":{"line":300,"column":86}},"139":{"start":{"line":301,"column":2},"end":{"line":303,"column":3}},"140":{"start":{"line":302,"column":4},"end":{"line":302,"column":57}},"141":{"start":{"line":304,"column":2},"end":{"line":304,"column":26}},"142":{"start":{"line":308,"column":17},"end":{"line":308,"column":53}},"143":{"start":{"line":309,"column":2},"end":{"line":311,"column":3}},"144":{"start":{"line":310,"column":4},"end":{"line":310,"column":57}},"145":{"start":{"line":312,"column":2},"end":{"line":312,"column":26}},"146":{"start":{"line":316,"column":17},"end":{"line":316,"column":65}},"147":{"start":{"line":317,"column":2},"end":{"line":319,"column":3}},"148":{"start":{"line":318,"column":4},"end":{"line":318,"column":57}},"149":{"start":{"line":320,"column":2},"end":{"line":320,"column":19}},"150":{"start":{"line":324,"column":16},"end":{"line":324,"column":49}},"151":{"start":{"line":325,"column":17},"end":{"line":325,"column":37}},"152":{"start":{"line":326,"column":2},"end":{"line":326,"column":19}},"153":{"start":{"line":330,"column":2},"end":{"line":330,"column":29}},"154":{"start":{"line":333,"column":0},"end":{"line":360,"column":2}}},"fnMap":{"0":{"name":"handleGetLabs","decl":{"start":{"line":37,"column":9},"end":{"line":37,"column":22}},"loc":{"start":{"line":37,"column":33},"end":{"line":48,"column":1}},"line":37},"1":{"name":"(anonymous_1)","decl":{"start":{"line":39,"column":12},"end":{"line":39,"column":13}},"loc":{"start":{"line":39,"column":19},"end":{"line":39,"column":41}},"line":39},"2":{"name":"(anonymous_2)","decl":{"start":{"line":40,"column":9},"end":{"line":40,"column":10}},"loc":{"start":{"line":40,"column":15},"end":{"line":46,"column":5}},"line":40},"3":{"name":"handleGetLab","decl":{"start":{"line":50,"column":9},"end":{"line":50,"column":21}},"loc":{"start":{"line":50,"column":32},"end":{"line":55,"column":1}},"line":50},"4":{"name":"handleStartLab","decl":{"start":{"line":57,"column":9},"end":{"line":57,"column":23}},"loc":{"start":{"line":57,"column":34},"end":{"line":88,"column":3}},"line":57},"5":{"name":"handleGetActiveSession","decl":{"start":{"line":90,"column":9},"end":{"line":90,"column":31}},"loc":{"start":{"line":90,"column":42},"end":{"line":111,"column":1}},"line":90},"6":{"name":"handleResetSession","decl":{"start":{"line":113,"column":9},"end":{"line":113,"column":27}},"loc":{"start":{"line":113,"column":38},"end":{"line":127,"column":1}},"line":113},"7":{"name":"handleGetUserLabState","decl":{"start":{"line":129,"column":9},"end":{"line":129,"column":30}},"loc":{"start":{"line":129,"column":41},"end":{"line":134,"column":1}},"line":129},"8":{"name":"handleSaveUserLabState","decl":{"start":{"line":136,"column":9},"end":{"line":136,"column":31}},"loc":{"start":{"line":136,"column":42},"end":{"line":166,"column":1}},"line":136},"9":{"name":"(anonymous_9)","decl":{"start":{"line":148,"column":45},"end":{"line":148,"column":46}},"loc":{"start":{"line":148,"column":50},"end":{"line":148,"column":66}},"line":148},"10":{"name":"(anonymous_10)","decl":{"start":{"line":149,"column":55},"end":{"line":149,"column":56}},"loc":{"start":{"line":149,"column":65},"end":{"line":149,"column":87}},"line":149},"11":{"name":"handleGetUserProgress","decl":{"start":{"line":168,"column":9},"end":{"line":168,"column":30}},"loc":{"start":{"line":168,"column":41},"end":{"line":174,"column":1}},"line":168},"12":{"name":"(anonymous_12)","decl":{"start":{"line":170,"column":23},"end":{"line":170,"column":24}},"loc":{"start":{"line":170,"column":39},"end":{"line":172,"column":3}},"line":170},"13":{"name":"handleGetLearnerProgress","decl":{"start":{"line":176,"column":9},"end":{"line":176,"column":33}},"loc":{"start":{"line":176,"column":44},"end":{"line":180,"column":1}},"line":176},"14":{"name":"handleGetLearnerLabProgress","decl":{"start":{"line":182,"column":9},"end":{"line":182,"column":36}},"loc":{"start":{"line":182,"column":47},"end":{"line":194,"column":1}},"line":182},"15":{"name":"handleStartLearnerLab","decl":{"start":{"line":196,"column":9},"end":{"line":196,"column":30}},"loc":{"start":{"line":196,"column":41},"end":{"line":204,"column":1}},"line":196},"16":{"name":"handleCompleteLearnerLab","decl":{"start":{"line":206,"column":9},"end":{"line":206,"column":33}},"loc":{"start":{"line":206,"column":44},"end":{"line":215,"column":1}},"line":206},"17":{"name":"handleGetAvailableLabs","decl":{"start":{"line":217,"column":9},"end":{"line":217,"column":31}},"loc":{"start":{"line":217,"column":42},"end":{"line":221,"column":1}},"line":217},"18":{"name":"handleGetLockedLabs","decl":{"start":{"line":223,"column":9},"end":{"line":223,"column":28}},"loc":{"start":{"line":223,"column":39},"end":{"line":227,"column":1}},"line":223},"19":{"name":"handleCreateTicket","decl":{"start":{"line":232,"column":9},"end":{"line":232,"column":27}},"loc":{"start":{"line":232,"column":38},"end":{"line":238,"column":1}},"line":232},"20":{"name":"handleGetTicket","decl":{"start":{"line":240,"column":9},"end":{"line":240,"column":24}},"loc":{"start":{"line":240,"column":35},"end":{"line":247,"column":1}},"line":240},"21":{"name":"(anonymous_21)","decl":{"start":{"line":246,"column":201},"end":{"line":246,"column":202}},"loc":{"start":{"line":246,"column":207},"end":{"line":246,"column":243}},"line":246},"22":{"name":"handleGetTickets","decl":{"start":{"line":249,"column":9},"end":{"line":249,"column":25}},"loc":{"start":{"line":249,"column":36},"end":{"line":263,"column":1}},"line":249},"23":{"name":"handleUpdateTicketStatus","decl":{"start":{"line":265,"column":9},"end":{"line":265,"column":33}},"loc":{"start":{"line":265,"column":44},"end":{"line":272,"column":1}},"line":265},"24":{"name":"handleUpdateTicket","decl":{"start":{"line":274,"column":9},"end":{"line":274,"column":27}},"loc":{"start":{"line":274,"column":38},"end":{"line":281,"column":1}},"line":274},"25":{"name":"handleAddEvidence","decl":{"start":{"line":283,"column":9},"end":{"line":283,"column":26}},"loc":{"start":{"line":283,"column":37},"end":{"line":289,"column":1}},"line":283},"26":{"name":"handleAddInvestigationStep","decl":{"start":{"line":291,"column":9},"end":{"line":291,"column":35}},"loc":{"start":{"line":291,"column":46},"end":{"line":297,"column":1}},"line":291},"27":{"name":"handleAssignTicket","decl":{"start":{"line":299,"column":9},"end":{"line":299,"column":27}},"loc":{"start":{"line":299,"column":38},"end":{"line":305,"column":1}},"line":299},"28":{"name":"handleCloseTicket","decl":{"start":{"line":307,"column":9},"end":{"line":307,"column":26}},"loc":{"start":{"line":307,"column":37},"end":{"line":313,"column":1}},"line":307},"29":{"name":"handleDeleteTicket","decl":{"start":{"line":315,"column":9},"end":{"line":315,"column":27}},"loc":{"start":{"line":315,"column":38},"end":{"line":321,"column":1}},"line":315},"30":{"name":"handleSearchTickets","decl":{"start":{"line":323,"column":9},"end":{"line":323,"column":28}},"loc":{"start":{"line":323,"column":39},"end":{"line":327,"column":1}},"line":323},"31":{"name":"handleGetTicketStats","decl":{"start":{"line":329,"column":9},"end":{"line":329,"column":29}},"loc":{"start":{"line":329,"column":40},"end":{"line":331,"column":1}},"line":329}},"branchMap":{"0":{"loc":{"start":{"line":52,"column":2},"end":{"line":52,"column":68}},"type":"if","locations":[{"start":{"line":52,"column":2},"end":{"line":52,"column":68}},{"start":{},"end":{}}],"line":52},"1":{"loc":{"start":{"line":53,"column":2},"end":{"line":53,"column":85}},"type":"if","locations":[{"start":{"line":53,"column":2},"end":{"line":53,"column":85}},{"start":{},"end":{}}],"line":53},"2":{"loc":{"start":{"line":59,"column":21},"end":{"line":59,"column":72}},"type":"binary-expr","locations":[{"start":{"line":59,"column":21},"end":{"line":59,"column":27}},{"start":{"line":59,"column":31},"end":{"line":59,"column":59}},{"start":{"line":59,"column":63},"end":{"line":59,"column":72}}],"line":59},"3":{"loc":{"start":{"line":60,"column":4},"end":{"line":62,"column":5}},"type":"if","locations":[{"start":{"line":60,"column":4},"end":{"line":62,"column":5}},{"start":{},"end":{}}],"line":60},"4":{"loc":{"start":{"line":64,"column":4},"end":{"line":64,"column":95}},"type":"if","locations":[{"start":{"line":64,"column":4},"end":{"line":64,"column":95}},{"start":{},"end":{}}],"line":64},"5":{"loc":{"start":{"line":64,"column":8},"end":{"line":64,"column":37}},"type":"binary-expr","locations":[{"start":{"line":64,"column":8},"end":{"line":64,"column":12}},{"start":{"line":64,"column":16},"end":{"line":64,"column":37}}],"line":64},"6":{"loc":{"start":{"line":79,"column":4},"end":{"line":79,"column":75}},"type":"if","locations":[{"start":{"line":79,"column":4},"end":{"line":79,"column":75}},{"start":{},"end":{}}],"line":79},"7":{"loc":{"start":{"line":92,"column":2},"end":{"line":92,"column":68}},"type":"if","locations":[{"start":{"line":92,"column":2},"end":{"line":92,"column":68}},{"start":{},"end":{}}],"line":92},"8":{"loc":{"start":{"line":97,"column":2},"end":{"line":99,"column":3}},"type":"if","locations":[{"start":{"line":97,"column":2},"end":{"line":99,"column":3}},{"start":{},"end":{}}],"line":97},"9":{"loc":{"start":{"line":100,"column":2},"end":{"line":102,"column":3}},"type":"if","locations":[{"start":{"line":100,"column":2},"end":{"line":102,"column":3}},{"start":{},"end":{}}],"line":100},"10":{"loc":{"start":{"line":117,"column":2},"end":{"line":119,"column":3}},"type":"if","locations":[{"start":{"line":117,"column":2},"end":{"line":119,"column":3}},{"start":{},"end":{}}],"line":117},"11":{"loc":{"start":{"line":120,"column":2},"end":{"line":122,"column":3}},"type":"if","locations":[{"start":{"line":120,"column":2},"end":{"line":122,"column":3}},{"start":{},"end":{}}],"line":120},"12":{"loc":{"start":{"line":132,"column":2},"end":{"line":132,"column":71}},"type":"if","locations":[{"start":{"line":132,"column":2},"end":{"line":132,"column":71}},{"start":{},"end":{}}],"line":132},"13":{"loc":{"start":{"line":139,"column":2},"end":{"line":139,"column":68}},"type":"if","locations":[{"start":{"line":139,"column":2},"end":{"line":139,"column":68}},{"start":{},"end":{}}],"line":139},"14":{"loc":{"start":{"line":147,"column":2},"end":{"line":150,"column":3}},"type":"if","locations":[{"start":{"line":147,"column":2},"end":{"line":150,"column":3}},{"start":{},"end":{}}],"line":147},"15":{"loc":{"start":{"line":147,"column":6},"end":{"line":147,"column":65}},"type":"binary-expr","locations":[{"start":{"line":147,"column":6},"end":{"line":147,"column":26}},{"start":{"line":147,"column":30},"end":{"line":147,"column":65}}],"line":147},"16":{"loc":{"start":{"line":148,"column":50},"end":{"line":148,"column":66}},"type":"binary-expr","locations":[{"start":{"line":148,"column":50},"end":{"line":148,"column":58}},{"start":{"line":148,"column":62},"end":{"line":148,"column":66}}],"line":148},"17":{"loc":{"start":{"line":152,"column":2},"end":{"line":155,"column":3}},"type":"if","locations":[{"start":{"line":152,"column":2},"end":{"line":155,"column":3}},{"start":{},"end":{}}],"line":152},"18":{"loc":{"start":{"line":157,"column":2},"end":{"line":159,"column":3}},"type":"if","locations":[{"start":{"line":157,"column":2},"end":{"line":159,"column":3}},{"start":{},"end":{}}],"line":157},"19":{"loc":{"start":{"line":191,"column":16},"end":{"line":191,"column":44}},"type":"binary-expr","locations":[{"start":{"line":191,"column":16},"end":{"line":191,"column":38}},{"start":{"line":191,"column":42},"end":{"line":191,"column":44}}],"line":191},"20":{"loc":{"start":{"line":192,"column":16},"end":{"line":192,"column":76}},"type":"cond-expr","locations":[{"start":{"line":192,"column":38},"end":{"line":192,"column":69}},{"start":{"line":192,"column":72},"end":{"line":192,"column":76}}],"line":192},"21":{"loc":{"start":{"line":200,"column":2},"end":{"line":202,"column":3}},"type":"if","locations":[{"start":{"line":200,"column":2},"end":{"line":202,"column":3}},{"start":{},"end":{}}],"line":200},"22":{"loc":{"start":{"line":211,"column":2},"end":{"line":213,"column":3}},"type":"if","locations":[{"start":{"line":211,"column":2},"end":{"line":213,"column":3}},{"start":{},"end":{}}],"line":211},"23":{"loc":{"start":{"line":234,"column":2},"end":{"line":236,"column":3}},"type":"if","locations":[{"start":{"line":234,"column":2},"end":{"line":236,"column":3}},{"start":{},"end":{}}],"line":234},"24":{"loc":{"start":{"line":242,"column":2},"end":{"line":244,"column":3}},"type":"if","locations":[{"start":{"line":242,"column":2},"end":{"line":244,"column":3}},{"start":{},"end":{}}],"line":242},"25":{"loc":{"start":{"line":246,"column":174},"end":{"line":246,"column":195}},"type":"binary-expr","locations":[{"start":{"line":246,"column":174},"end":{"line":246,"column":189}},{"start":{"line":246,"column":193},"end":{"line":246,"column":195}}],"line":246},"26":{"loc":{"start":{"line":257,"column":10},"end":{"line":257,"column":43}},"type":"binary-expr","locations":[{"start":{"line":257,"column":10},"end":{"line":257,"column":38}},{"start":{"line":257,"column":42},"end":{"line":257,"column":43}}],"line":257},"27":{"loc":{"start":{"line":258,"column":20},"end":{"line":258,"column":55}},"type":"binary-expr","locations":[{"start":{"line":258,"column":20},"end":{"line":258,"column":49}},{"start":{"line":258,"column":53},"end":{"line":258,"column":55}}],"line":258},"28":{"loc":{"start":{"line":259,"column":12},"end":{"line":259,"column":43}},"type":"binary-expr","locations":[{"start":{"line":259,"column":12},"end":{"line":259,"column":28}},{"start":{"line":259,"column":32},"end":{"line":259,"column":43}}],"line":259},"29":{"loc":{"start":{"line":260,"column":15},"end":{"line":260,"column":44}},"type":"binary-expr","locations":[{"start":{"line":260,"column":15},"end":{"line":260,"column":34}},{"start":{"line":260,"column":38},"end":{"line":260,"column":44}}],"line":260},"30":{"loc":{"start":{"line":267,"column":2},"end":{"line":270,"column":3}},"type":"if","locations":[{"start":{"line":267,"column":2},"end":{"line":270,"column":3}},{"start":{},"end":{}}],"line":267},"31":{"loc":{"start":{"line":268,"column":23},"end":{"line":268,"column":69}},"type":"cond-expr","locations":[{"start":{"line":268,"column":60},"end":{"line":268,"column":63}},{"start":{"line":268,"column":66},"end":{"line":268,"column":69}}],"line":268},"32":{"loc":{"start":{"line":276,"column":2},"end":{"line":279,"column":3}},"type":"if","locations":[{"start":{"line":276,"column":2},"end":{"line":279,"column":3}},{"start":{},"end":{}}],"line":276},"33":{"loc":{"start":{"line":277,"column":23},"end":{"line":277,"column":69}},"type":"cond-expr","locations":[{"start":{"line":277,"column":60},"end":{"line":277,"column":63}},{"start":{"line":277,"column":66},"end":{"line":277,"column":69}}],"line":277},"34":{"loc":{"start":{"line":285,"column":2},"end":{"line":287,"column":3}},"type":"if","locations":[{"start":{"line":285,"column":2},"end":{"line":287,"column":3}},{"start":{},"end":{}}],"line":285},"35":{"loc":{"start":{"line":293,"column":2},"end":{"line":295,"column":3}},"type":"if","locations":[{"start":{"line":293,"column":2},"end":{"line":295,"column":3}},{"start":{},"end":{}}],"line":293},"36":{"loc":{"start":{"line":301,"column":2},"end":{"line":303,"column":3}},"type":"if","locations":[{"start":{"line":301,"column":2},"end":{"line":303,"column":3}},{"start":{},"end":{}}],"line":301},"37":{"loc":{"start":{"line":309,"column":2},"end":{"line":311,"column":3}},"type":"if","locations":[{"start":{"line":309,"column":2},"end":{"line":311,"column":3}},{"start":{},"end":{}}],"line":309},"38":{"loc":{"start":{"line":317,"column":2},"end":{"line":319,"column":3}},"type":"if","locations":[{"start":{"line":317,"column":2},"end":{"line":319,"column":3}},{"start":{},"end":{}}],"line":317},"39":{"loc":{"start":{"line":324,"column":17},"end":{"line":324,"column":34}},"type":"binary-expr","locations":[{"start":{"line":324,"column":17},"end":{"line":324,"column":28}},{"start":{"line":324,"column":32},"end":{"line":324,"column":34}}],"line":324}},"s":{"0":4,"1":4,"2":4,"3":4,"4":4,"5":4,"6":4,"7":1,"8":249,"9":242,"10":1,"11":3,"12":3,"13":0,"14":3,"15":0,"16":3,"17":3,"18":3,"19":3,"20":0,"21":3,"22":3,"23":0,"24":3,"25":3,"26":3,"27":3,"28":3,"29":0,"30":3,"31":3,"32":2,"33":2,"34":0,"35":2,"36":2,"37":2,"38":0,"39":2,"40":1,"41":1,"42":1,"43":1,"44":1,"45":1,"46":0,"47":1,"48":1,"49":0,"50":0,"51":0,"52":0,"53":0,"54":0,"55":0,"56":0,"57":0,"58":0,"59":0,"60":0,"61":0,"62":0,"63":0,"64":0,"65":0,"66":0,"67":0,"68":0,"69":0,"70":0,"71":0,"72":0,"73":0,"74":0,"75":0,"76":0,"77":0,"78":0,"79":1,"80":1,"81":1,"82":1,"83":1,"84":1,"85":1,"86":1,"87":1,"88":1,"89":1,"90":1,"91":0,"92":1,"93":1,"94":1,"95":1,"96":1,"97":1,"98":0,"99":1,"100":1,"101":1,"102":1,"103":1,"104":1,"105":1,"106":4,"107":4,"108":10,"109":10,"110":2,"111":8,"112":2,"113":2,"114":1,"115":1,"116":1,"117":0,"118":1,"119":1,"120":1,"121":1,"122":0,"123":0,"124":1,"125":3,"126":3,"127":2,"128":2,"129":1,"130":0,"131":0,"132":0,"133":0,"134":0,"135":0,"136":0,"137":0,"138":0,"139":0,"140":0,"141":0,"142":0,"143":0,"144":0,"145":0,"146":0,"147":0,"148":0,"149":0,"150":0,"151":0,"152":0,"153":1,"154":4},"f":{"0":1,"1":249,"2":242,"3":3,"4":3,"5":2,"6":1,"7":0,"8":0,"9":0,"10":0,"11":0,"12":0,"13":1,"14":1,"15":1,"16":1,"17":1,"18":1,"19":10,"20":2,"21":0,"22":1,"23":1,"24":3,"25":0,"26":0,"27":0,"28":0,"29":0,"30":0,"31":1},"b":{"0":[0,3],"1":[0,3],"2":[3,0,0],"3":[0,3],"4":[0,3],"5":[3,3],"6":[0,3],"7":[0,2],"8":[0,2],"9":[1,1],"10":[0,1],"11":[1,0],"12":[0,0],"13":[0,0],"14":[0,0],"15":[0,0],"16":[0,0],"17":[0,0],"18":[0,0],"19":[1,0],"20":[0,1],"21":[0,1],"22":[0,1],"23":[2,8],"24":[1,1],"25":[1,0],"26":[1,1],"27":[1,1],"28":[1,1],"29":[1,1],"30":[0,1],"31":[0,0],"32":[2,1],"33":[1,1],"34":[0,0],"35":[0,0],"36":[0,0],"37":[0,0],"38":[0,0],"39":[0,0]},"_coverageSchema":"1a1c01bbd47fc00a2c39e90264f33305004495a9","hash":"cb46934d8e54b85708096380eb6497c94b820c2b"}
,"C:\\Users\\dhiresh\\OneDrive\\Desktop\\code\\learning\\cybernet-lab\\backend\\services\\deviceManager.js": {"path":"C:\\Users\\dhiresh\\OneDrive\\Desktop\\code\\learning\\cybernet-lab\\backend\\services\\deviceManager.js","statementMap":{"0":{"start":{"line":3,"column":4},"end":{"line":3,"column":29}},"1":{"start":{"line":4,"column":4},"end":{"line":4,"column":34}},"2":{"start":{"line":8,"column":26},"end":{"line":15,"column":5}},"3":{"start":{"line":17,"column":4},"end":{"line":26,"column":7}},"4":{"start":{"line":18,"column":6},"end":{"line":18,"column":42}},"5":{"start":{"line":19,"column":6},"end":{"line":25,"column":9}},"6":{"start":{"line":30,"column":19},"end":{"line":30,"column":45}},"7":{"start":{"line":31,"column":18},"end":{"line":31,"column":49}},"8":{"start":{"line":32,"column":4},"end":{"line":34,"column":5}},"9":{"start":{"line":33,"column":6},"end":{"line":33,"column":43}},"10":{"start":{"line":35,"column":4},"end":{"line":35,"column":29}},"11":{"start":{"line":39,"column":4},"end":{"line":42,"column":8}},"12":{"start":{"line":39,"column":60},"end":{"line":42,"column":5}},"13":{"start":{"line":46,"column":20},"end":{"line":46,"column":57}},"14":{"start":{"line":47,"column":4},"end":{"line":51,"column":7}},"15":{"start":{"line":55,"column":4},"end":{"line":58,"column":8}},"16":{"start":{"line":55,"column":73},"end":{"line":58,"column":5}},"17":{"start":{"line":62,"column":0},"end":{"line":62,"column":35}}},"fnMap":{"0":{"name":"(anonymous_0)","decl":{"start":{"line":2,"column":2},"end":{"line":2,"column":3}},"loc":{"start":{"line":2,"column":16},"end":{"line":5,"column":3}},"line":2},"1":{"name":"(anonymous_1)","decl":{"start":{"line":7,"column":2},"end":{"line":7,"column":3}},"loc":{"start":{"line":7,"column":22},"end":{"line":27,"column":3}},"line":7},"2":{"name":"(anonymous_2)","decl":{"start":{"line":17,"column":26},"end":{"line":17,"column":27}},"loc":{"start":{"line":17,"column":36},"end":{"line":26,"column":5}},"line":17},"3":{"name":"(anonymous_3)","decl":{"start":{"line":29,"column":2},"end":{"line":29,"column":3}},"loc":{"start":{"line":29,"column":26},"end":{"line":36,"column":3}},"line":29},"4":{"name":"(anonymous_4)","decl":{"start":{"line":38,"column":2},"end":{"line":38,"column":3}},"loc":{"start":{"line":38,"column":18},"end":{"line":43,"column":3}},"line":38},"5":{"name":"(anonymous_5)","decl":{"start":{"line":39,"column":49},"end":{"line":39,"column":50}},"loc":{"start":{"line":39,"column":60},"end":{"line":42,"column":5}},"line":39},"6":{"name":"(anonymous_6)","decl":{"start":{"line":45,"column":2},"end":{"line":45,"column":3}},"loc":{"start":{"line":45,"column":37},"end":{"line":52,"column":3}},"line":45},"7":{"name":"(anonymous_7)","decl":{"start":{"line":54,"column":2},"end":{"line":54,"column":3}},"loc":{"start":{"line":54,"column":20},"end":{"line":59,"column":3}},"line":54},"8":{"name":"(anonymous_8)","decl":{"start":{"line":55,"column":55},"end":{"line":55,"column":56}},"loc":{"start":{"line":55,"column":73},"end":{"line":58,"column":5}},"line":55}},"branchMap":{"0":{"loc":{"start":{"line":32,"column":4},"end":{"line":34,"column":5}},"type":"if","locations":[{"start":{"line":32,"column":4},"end":{"line":34,"column":5}},{"start":{},"end":{}}],"line":32},"1":{"loc":{"start":{"line":32,"column":8},"end":{"line":32,"column":25}},"type":"binary-expr","locations":[{"start":{"line":32,"column":8},"end":{"line":32,"column":15}},{"start":{"line":32,"column":19},"end":{"line":32,"column":25}}],"line":32},"2":{"loc":{"start":{"line":46,"column":20},"end":{"line":46,"column":57}},"type":"binary-expr","locations":[{"start":{"line":46,"column":20},"end":{"line":46,"column":51}},{"start":{"line":46,"column":55},"end":{"line":46,"column":57}}],"line":46}},"s":{"0":4,"1":4,"2":4,"3":4,"4":24,"5":24,"6":0,"7":0,"8":0,"9":0,"10":0,"11":1,"12":6,"13":0,"14":0,"15":0,"16":0,"17":4},"f":{"0":4,"1":4,"2":24,"3":0,"4":1,"5":6,"6":0,"7":0,"8":0},"b":{"0":[0,0],"1":[0,0],"2":[0,0]},"_coverageSchema":"1a1c01bbd47fc00a2c39e90264f33305004495a9","hash":"06adaa8413de5a4f4eacb044e1e6f7c395d0ae89"}
,"C:\\Users\\dhiresh\\OneDrive\\Desktop\\code\\learning\\cybernet-lab\\backend\\services\\grpc.js": {"path":"C:\\Users\\dhiresh\\OneDrive\\Desktop\\code\\learning\\cybernet-lab\\backend\\services\\grpc.js","statementMap":{"0":{"start":{"line":1,"column":13},"end":{"line":1,"column":37}},"1":{"start":{"line":2,"column":20},"end":{"line":2,"column":49}},"2":{"start":{"line":3,"column":13},"end":{"line":3,"column":28}},"3":{"start":{"line":7,"column":4},"end":{"line":7,"column":39}},"4":{"start":{"line":8,"column":4},"end":{"line":8,"column":31}},"5":{"start":{"line":9,"column":4},"end":{"line":9,"column":43}},"6":{"start":{"line":10,"column":4},"end":{"line":10,"column":23}},"7":{"start":{"line":14,"column":22},"end":{"line":14,"column":75}},"8":{"start":{"line":15,"column":23},"end":{"line":21,"column":6}},"9":{"start":{"line":23,"column":28},"end":{"line":23,"column":66}},"10":{"start":{"line":24,"column":24},"end":{"line":24,"column":52}},"11":{"start":{"line":25,"column":30},"end":{"line":25,"column":58}},"12":{"start":{"line":27,"column":4},"end":{"line":27,"column":36}},"13":{"start":{"line":29,"column":4},"end":{"line":52,"column":7}},"14":{"start":{"line":31,"column":27},"end":{"line":31,"column":83}},"15":{"start":{"line":32,"column":8},"end":{"line":32,"column":35}},"16":{"start":{"line":35,"column":22},"end":{"line":35,"column":47}},"17":{"start":{"line":36,"column":8},"end":{"line":36,"column":30}},"18":{"start":{"line":39,"column":23},"end":{"line":42,"column":9}},"19":{"start":{"line":43,"column":8},"end":{"line":43,"column":31}},"20":{"start":{"line":46,"column":23},"end":{"line":49,"column":9}},"21":{"start":{"line":50,"column":8},"end":{"line":50,"column":31}},"22":{"start":{"line":54,"column":4},"end":{"line":63,"column":7}},"23":{"start":{"line":56,"column":23},"end":{"line":56,"column":27}},"24":{"start":{"line":57,"column":8},"end":{"line":61,"column":11}},"25":{"start":{"line":59,"column":12},"end":{"line":59,"column":31}},"26":{"start":{"line":65,"column":4},"end":{"line":67,"column":7}},"27":{"start":{"line":66,"column":6},"end":{"line":66,"column":57}},"28":{"start":{"line":71,"column":4},"end":{"line":73,"column":5}},"29":{"start":{"line":72,"column":6},"end":{"line":72,"column":34}},"30":{"start":{"line":77,"column":0},"end":{"line":77,"column":32}}},"fnMap":{"0":{"name":"(anonymous_0)","decl":{"start":{"line":6,"column":2},"end":{"line":6,"column":3}},"loc":{"start":{"line":6,"column":57},"end":{"line":11,"column":3}},"line":6},"1":{"name":"(anonymous_1)","decl":{"start":{"line":13,"column":2},"end":{"line":13,"column":3}},"loc":{"start":{"line":13,"column":14},"end":{"line":68,"column":3}},"line":13},"2":{"name":"(anonymous_2)","decl":{"start":{"line":30,"column":21},"end":{"line":30,"column":22}},"loc":{"start":{"line":30,"column":41},"end":{"line":33,"column":7}},"line":30},"3":{"name":"(anonymous_3)","decl":{"start":{"line":34,"column":19},"end":{"line":34,"column":20}},"loc":{"start":{"line":34,"column":39},"end":{"line":37,"column":7}},"line":34},"4":{"name":"(anonymous_4)","decl":{"start":{"line":38,"column":22},"end":{"line":38,"column":23}},"loc":{"start":{"line":38,"column":48},"end":{"line":44,"column":7}},"line":38},"5":{"name":"(anonymous_5)","decl":{"start":{"line":45,"column":19},"end":{"line":45,"column":20}},"loc":{"start":{"line":45,"column":45},"end":{"line":51,"column":7}},"line":45},"6":{"name":"(anonymous_6)","decl":{"start":{"line":55,"column":14},"end":{"line":55,"column":15}},"loc":{"start":{"line":55,"column":24},"end":{"line":62,"column":7}},"line":55},"7":{"name":"(anonymous_7)","decl":{"start":{"line":58,"column":16},"end":{"line":58,"column":17}},"loc":{"start":{"line":58,"column":26},"end":{"line":60,"column":11}},"line":58},"8":{"name":"(anonymous_8)","decl":{"start":{"line":65,"column":86},"end":{"line":65,"column":87}},"loc":{"start":{"line":65,"column":92},"end":{"line":67,"column":5}},"line":65},"9":{"name":"(anonymous_9)","decl":{"start":{"line":70,"column":2},"end":{"line":70,"column":3}},"loc":{"start":{"line":70,"column":9},"end":{"line":74,"column":3}},"line":70}},"branchMap":{"0":{"loc":{"start":{"line":71,"column":4},"end":{"line":73,"column":5}},"type":"if","locations":[{"start":{"line":71,"column":4},"end":{"line":73,"column":5}},{"start":{},"end":{}}],"line":71}},"s":{"0":4,"1":4,"2":4,"3":4,"4":4,"5":4,"6":4,"7":4,"8":4,"9":4,"10":4,"11":4,"12":4,"13":4,"14":0,"15":0,"16":0,"17":0,"18":0,"19":0,"20":0,"21":0,"22":4,"23":0,"24":0,"25":0,"26":4,"27":4,"28":1,"29":1,"30":4},"f":{"0":4,"1":4,"2":0,"3":0,"4":0,"5":0,"6":0,"7":0,"8":4,"9":1},"b":{"0":[1,0]},"_coverageSchema":"1a1c01bbd47fc00a2c39e90264f33305004495a9","hash":"beae346e9eeb7fc03041bf28fbbf772956c42606"}
,"C:\\Users\\dhiresh\\OneDrive\\Desktop\\code\\learning\\cybernet-lab\\backend\\services\\labEngine.js": {"path":"C:\\Users\\dhiresh\\OneDrive\\Desktop\\code\\learning\\cybernet-lab\\backend\\services\\labEngine.js","statementMap":{"0":{"start":{"line":3,"column":4},"end":{"line":3,"column":26}},"1":{"start":{"line":4,"column":4},"end":{"line":4,"column":36}},"2":{"start":{"line":5,"column":4},"end":{"line":5,"column":25}},"3":{"start":{"line":6,"column":4},"end":{"line":6,"column":22}},"4":{"start":{"line":7,"column":4},"end":{"line":7,"column":30}},"5":{"start":{"line":11,"column":4},"end":{"line":11,"column":29}},"6":{"start":{"line":12,"column":4},"end":{"line":12,"column":23}},"7":{"start":{"line":13,"column":4},"end":{"line":13,"column":39}},"8":{"start":{"line":17,"column":21},"end":{"line":17,"column":115}},"9":{"start":{"line":18,"column":20},"end":{"line":18,"column":54}},"10":{"start":{"line":19,"column":4},"end":{"line":23,"column":6}},"11":{"start":{"line":27,"column":23},"end":{"line":27,"column":56}},"12":{"start":{"line":28,"column":20},"end":{"line":31,"column":6}},"13":{"start":{"line":33,"column":25},"end":{"line":33,"column":42}},"14":{"start":{"line":34,"column":21},"end":{"line":40,"column":6}},"15":{"start":{"line":42,"column":5},"end":{"line":42,"column":49}},"16":{"start":{"line":43,"column":5},"end":{"line":43,"column":69}},"17":{"start":{"line":45,"column":5},"end":{"line":45,"column":20}},"18":{"start":{"line":49,"column":32},"end":{"line":49,"column":72}},"19":{"start":{"line":51,"column":25},"end":{"line":51,"column":43}},"20":{"start":{"line":52,"column":5},"end":{"line":55,"column":7}},"21":{"start":{"line":57,"column":5},"end":{"line":57,"column":31}},"22":{"start":{"line":61,"column":4},"end":{"line":63,"column":5}},"23":{"start":{"line":62,"column":6},"end":{"line":62,"column":62}},"24":{"start":{"line":64,"column":4},"end":{"line":67,"column":5}},"25":{"start":{"line":65,"column":25},"end":{"line":65,"column":112}},"26":{"start":{"line":66,"column":6},"end":{"line":66,"column":88}},"27":{"start":{"line":68,"column":4},"end":{"line":73,"column":5}},"28":{"start":{"line":69,"column":23},"end":{"line":69,"column":124}},"29":{"start":{"line":70,"column":24},"end":{"line":70,"column":73}},"30":{"start":{"line":70,"column":64},"end":{"line":70,"column":72}},"31":{"start":{"line":71,"column":21},"end":{"line":71,"column":96}},"32":{"start":{"line":71,"column":43},"end":{"line":71,"column":95}},"33":{"start":{"line":71,"column":64},"end":{"line":71,"column":94}},"34":{"start":{"line":72,"column":6},"end":{"line":72,"column":24}},"35":{"start":{"line":74,"column":4},"end":{"line":74,"column":29}},"36":{"start":{"line":78,"column":4},"end":{"line":78,"column":26}},"37":{"start":{"line":78,"column":17},"end":{"line":78,"column":26}},"38":{"start":{"line":79,"column":19},"end":{"line":79,"column":46}},"39":{"start":{"line":80,"column":20},"end":{"line":80,"column":47}},"40":{"start":{"line":81,"column":4},"end":{"line":81,"column":38}},"41":{"start":{"line":81,"column":29},"end":{"line":81,"column":38}},"42":{"start":{"line":82,"column":21},"end":{"line":82,"column":54}},"43":{"start":{"line":83,"column":4},"end":{"line":83,"column":54}},"44":{"start":{"line":87,"column":14},"end":{"line":87,"column":22}},"45":{"start":{"line":87,"column":28},"end":{"line":87,"column":36}},"46":{"start":{"line":88,"column":15},"end":{"line":88,"column":70}},"47":{"start":{"line":88,"column":49},"end":{"line":88,"column":69}},"48":{"start":{"line":89,"column":4},"end":{"line":89,"column":46}},"49":{"start":{"line":89,"column":17},"end":{"line":89,"column":18}},"50":{"start":{"line":89,"column":33},"end":{"line":89,"column":46}},"51":{"start":{"line":90,"column":4},"end":{"line":90,"column":46}},"52":{"start":{"line":90,"column":17},"end":{"line":90,"column":18}},"53":{"start":{"line":90,"column":33},"end":{"line":90,"column":46}},"54":{"start":{"line":91,"column":4},"end":{"line":93,"column":104}},"55":{"start":{"line":91,"column":17},"end":{"line":91,"column":18}},"56":{"start":{"line":92,"column":6},"end":{"line":93,"column":104}},"57":{"start":{"line":92,"column":19},"end":{"line":92,"column":20}},"58":{"start":{"line":93,"column":8},"end":{"line":93,"column":104}},"59":{"start":{"line":94,"column":4},"end":{"line":94,"column":20}},"60":{"start":{"line":98,"column":19},"end":{"line":98,"column":61}},"61":{"start":{"line":99,"column":4},"end":{"line":99,"column":54}},"62":{"start":{"line":99,"column":17},"end":{"line":99,"column":54}},"63":{"start":{"line":101,"column":21},"end":{"line":101,"column":49}},"64":{"start":{"line":102,"column":17},"end":{"line":102,"column":19}},"65":{"start":{"line":104,"column":4},"end":{"line":127,"column":5}},"66":{"start":{"line":105,"column":6},"end":{"line":105,"column":100}},"67":{"start":{"line":106,"column":6},"end":{"line":106,"column":94}},"68":{"start":{"line":107,"column":6},"end":{"line":107,"column":94}},"69":{"start":{"line":108,"column":6},"end":{"line":108,"column":94}},"70":{"start":{"line":109,"column":6},"end":{"line":109,"column":92}},"71":{"start":{"line":110,"column":11},"end":{"line":127,"column":5}},"72":{"start":{"line":111,"column":6},"end":{"line":111,"column":53}},"73":{"start":{"line":112,"column":6},"end":{"line":112,"column":81}},"74":{"start":{"line":113,"column":6},"end":{"line":113,"column":83}},"75":{"start":{"line":114,"column":6},"end":{"line":114,"column":82}},"76":{"start":{"line":115,"column":11},"end":{"line":127,"column":5}},"77":{"start":{"line":116,"column":6},"end":{"line":116,"column":59}},"78":{"start":{"line":117,"column":6},"end":{"line":117,"column":84}},"79":{"start":{"line":118,"column":6},"end":{"line":118,"column":61}},"80":{"start":{"line":119,"column":11},"end":{"line":127,"column":5}},"81":{"start":{"line":120,"column":6},"end":{"line":120,"column":93}},"82":{"start":{"line":121,"column":6},"end":{"line":121,"column":92}},"83":{"start":{"line":122,"column":6},"end":{"line":122,"column":91}},"84":{"start":{"line":123,"column":11},"end":{"line":127,"column":5}},"85":{"start":{"line":124,"column":6},"end":{"line":124,"column":32}},"86":{"start":{"line":126,"column":6},"end":{"line":126,"column":110}},"87":{"start":{"line":129,"column":4},"end":{"line":129,"column":64}},"88":{"start":{"line":133,"column":16},"end":{"line":133,"column":90}},"89":{"start":{"line":134,"column":4},"end":{"line":136,"column":5}},"90":{"start":{"line":135,"column":6},"end":{"line":135,"column":40}},"91":{"start":{"line":138,"column":22},"end":{"line":143,"column":5}},"92":{"start":{"line":145,"column":4},"end":{"line":148,"column":6}},"93":{"start":{"line":150,"column":4},"end":{"line":150,"column":21}},"94":{"start":{"line":154,"column":4},"end":{"line":154,"column":63}},"95":{"start":{"line":155,"column":4},"end":{"line":155,"column":44}},"96":{"start":{"line":159,"column":5},"end":{"line":159,"column":106}},"97":{"start":{"line":160,"column":5},"end":{"line":160,"column":50}},"98":{"start":{"line":161,"column":26},"end":{"line":161,"column":51}},"99":{"start":{"line":162,"column":5},"end":{"line":166,"column":6}},"100":{"start":{"line":163,"column":7},"end":{"line":165,"column":8}},"101":{"start":{"line":164,"column":9},"end":{"line":164,"column":30}},"102":{"start":{"line":167,"column":5},"end":{"line":167,"column":30}},"103":{"start":{"line":171,"column":0},"end":{"line":171,"column":31}}},"fnMap":{"0":{"name":"(anonymous_0)","decl":{"start":{"line":2,"column":2},"end":{"line":2,"column":3}},"loc":{"start":{"line":2,"column":16},"end":{"line":8,"column":3}},"line":2},"1":{"name":"(anonymous_1)","decl":{"start":{"line":10,"column":2},"end":{"line":10,"column":3}},"loc":{"start":{"line":10,"column":45},"end":{"line":14,"column":3}},"line":10},"2":{"name":"(anonymous_2)","decl":{"start":{"line":16,"column":2},"end":{"line":16,"column":3}},"loc":{"start":{"line":16,"column":19},"end":{"line":24,"column":3}},"line":16},"3":{"name":"(anonymous_3)","decl":{"start":{"line":26,"column":0},"end":{"line":26,"column":1}},"loc":{"start":{"line":26,"column":30},"end":{"line":46,"column":4}},"line":26},"4":{"name":"(anonymous_4)","decl":{"start":{"line":48,"column":3},"end":{"line":48,"column":4}},"loc":{"start":{"line":48,"column":59},"end":{"line":58,"column":4}},"line":48},"5":{"name":"(anonymous_5)","decl":{"start":{"line":60,"column":2},"end":{"line":60,"column":3}},"loc":{"start":{"line":60,"column":32},"end":{"line":75,"column":3}},"line":60},"6":{"name":"(anonymous_6)","decl":{"start":{"line":70,"column":59},"end":{"line":70,"column":60}},"loc":{"start":{"line":70,"column":64},"end":{"line":70,"column":72}},"line":70},"7":{"name":"(anonymous_7)","decl":{"start":{"line":71,"column":36},"end":{"line":71,"column":37}},"loc":{"start":{"line":71,"column":43},"end":{"line":71,"column":95}},"line":71},"8":{"name":"(anonymous_8)","decl":{"start":{"line":71,"column":58},"end":{"line":71,"column":59}},"loc":{"start":{"line":71,"column":64},"end":{"line":71,"column":94}},"line":71},"9":{"name":"(anonymous_9)","decl":{"start":{"line":77,"column":2},"end":{"line":77,"column":3}},"loc":{"start":{"line":77,"column":28},"end":{"line":84,"column":3}},"line":77},"10":{"name":"(anonymous_10)","decl":{"start":{"line":86,"column":2},"end":{"line":86,"column":3}},"loc":{"start":{"line":86,"column":20},"end":{"line":95,"column":3}},"line":86},"11":{"name":"(anonymous_11)","decl":{"start":{"line":88,"column":43},"end":{"line":88,"column":44}},"loc":{"start":{"line":88,"column":49},"end":{"line":88,"column":69}},"line":88},"12":{"name":"(anonymous_12)","decl":{"start":{"line":97,"column":2},"end":{"line":97,"column":3}},"loc":{"start":{"line":97,"column":42},"end":{"line":130,"column":3}},"line":97},"13":{"name":"(anonymous_13)","decl":{"start":{"line":132,"column":2},"end":{"line":132,"column":3}},"loc":{"start":{"line":132,"column":38},"end":{"line":151,"column":3}},"line":132},"14":{"name":"(anonymous_14)","decl":{"start":{"line":153,"column":2},"end":{"line":153,"column":3}},"loc":{"start":{"line":153,"column":34},"end":{"line":156,"column":3}},"line":153},"15":{"name":"(anonymous_15)","decl":{"start":{"line":158,"column":0},"end":{"line":158,"column":1}},"loc":{"start":{"line":158,"column":22},"end":{"line":168,"column":4}},"line":158}},"branchMap":{"0":{"loc":{"start":{"line":51,"column":25},"end":{"line":51,"column":43}},"type":"binary-expr","locations":[{"start":{"line":51,"column":25},"end":{"line":51,"column":34}},{"start":{"line":51,"column":38},"end":{"line":51,"column":43}}],"line":51},"1":{"loc":{"start":{"line":61,"column":4},"end":{"line":63,"column":5}},"type":"if","locations":[{"start":{"line":61,"column":4},"end":{"line":63,"column":5}},{"start":{},"end":{}}],"line":61},"2":{"loc":{"start":{"line":64,"column":4},"end":{"line":67,"column":5}},"type":"if","locations":[{"start":{"line":64,"column":4},"end":{"line":67,"column":5}},{"start":{},"end":{}}],"line":64},"3":{"loc":{"start":{"line":66,"column":38},"end":{"line":66,"column":72}},"type":"binary-expr","locations":[{"start":{"line":66,"column":38},"end":{"line":66,"column":65}},{"start":{"line":66,"column":69},"end":{"line":66,"column":72}}],"line":66},"4":{"loc":{"start":{"line":68,"column":4},"end":{"line":73,"column":5}},"type":"if","locations":[{"start":{"line":68,"column":4},"end":{"line":73,"column":5}},{"start":{},"end":{}}],"line":68},"5":{"loc":{"start":{"line":69,"column":23},"end":{"line":69,"column":124}},"type":"cond-expr","locations":[{"start":{"line":69,"column":67},"end":{"line":69,"column":93}},{"start":{"line":69,"column":96},"end":{"line":69,"column":124}}],"line":69},"6":{"loc":{"start":{"line":78,"column":4},"end":{"line":78,"column":26}},"type":"if","locations":[{"start":{"line":78,"column":4},"end":{"line":78,"column":26}},{"start":{},"end":{}}],"line":78},"7":{"loc":{"start":{"line":79,"column":19},"end":{"line":79,"column":46}},"type":"cond-expr","locations":[{"start":{"line":79,"column":41},"end":{"line":79,"column":42}},{"start":{"line":79,"column":45},"end":{"line":79,"column":46}}],"line":79},"8":{"loc":{"start":{"line":80,"column":20},"end":{"line":80,"column":47}},"type":"cond-expr","locations":[{"start":{"line":80,"column":42},"end":{"line":80,"column":43}},{"start":{"line":80,"column":46},"end":{"line":80,"column":47}}],"line":80},"9":{"loc":{"start":{"line":81,"column":4},"end":{"line":81,"column":38}},"type":"if","locations":[{"start":{"line":81,"column":4},"end":{"line":81,"column":38}},{"start":{},"end":{}}],"line":81},"10":{"loc":{"start":{"line":93,"column":76},"end":{"line":93,"column":101}},"type":"cond-expr","locations":[{"start":{"line":93,"column":96},"end":{"line":93,"column":97}},{"start":{"line":93,"column":100},"end":{"line":93,"column":101}}],"line":93},"11":{"loc":{"start":{"line":99,"column":4},"end":{"line":99,"column":54}},"type":"if","locations":[{"start":{"line":99,"column":4},"end":{"line":99,"column":54}},{"start":{},"end":{}}],"line":99},"12":{"loc":{"start":{"line":104,"column":4},"end":{"line":127,"column":5}},"type":"if","locations":[{"start":{"line":104,"column":4},"end":{"line":127,"column":5}},{"start":{"line":110,"column":11},"end":{"line":127,"column":5}}],"line":104},"13":{"loc":{"start":{"line":110,"column":11},"end":{"line":127,"column":5}},"type":"if","locations":[{"start":{"line":110,"column":11},"end":{"line":127,"column":5}},{"start":{"line":115,"column":11},"end":{"line":127,"column":5}}],"line":110},"14":{"loc":{"start":{"line":115,"column":11},"end":{"line":127,"column":5}},"type":"if","locations":[{"start":{"line":115,"column":11},"end":{"line":127,"column":5}},{"start":{"line":119,"column":11},"end":{"line":127,"column":5}}],"line":115},"15":{"loc":{"start":{"line":119,"column":11},"end":{"line":127,"column":5}},"type":"if","locations":[{"start":{"line":119,"column":11},"end":{"line":127,"column":5}},{"start":{"line":123,"column":11},"end":{"line":127,"column":5}}],"line":119},"16":{"loc":{"start":{"line":123,"column":11},"end":{"line":127,"column":5}},"type":"if","locations":[{"start":{"line":123,"column":11},"end":{"line":127,"column":5}},{"start":{"line":125,"column":11},"end":{"line":127,"column":5}}],"line":123},"17":{"loc":{"start":{"line":134,"column":4},"end":{"line":136,"column":5}},"type":"if","locations":[{"start":{"line":134,"column":4},"end":{"line":136,"column":5}},{"start":{},"end":{}}],"line":134},"18":{"loc":{"start":{"line":163,"column":7},"end":{"line":165,"column":8}},"type":"if","locations":[{"start":{"line":163,"column":7},"end":{"line":165,"column":8}},{"start":{},"end":{}}],"line":163}},"s":{"0":4,"1":4,"2":4,"3":4,"4":4,"5":4,"6":4,"7":4,"8":0,"9":0,"10":0,"11":0,"12":0,"13":0,"14":0,"15":0,"16":0,"17":0,"18":0,"19":0,"20":0,"21":0,"22":0,"23":0,"24":0,"25":0,"26":0,"27":0,"28":0,"29":0,"30":0,"31":0,"32":0,"33":0,"34":0,"35":0,"36":0,"37":0,"38":0,"39":0,"40":0,"41":0,"42":0,"43":0,"44":0,"45":0,"46":0,"47":0,"48":0,"49":0,"50":0,"51":0,"52":0,"53":0,"54":0,"55":0,"56":0,"57":0,"58":0,"59":0,"60":0,"61":0,"62":0,"63":0,"64":0,"65":0,"66":0,"67":0,"68":0,"69":0,"70":0,"71":0,"72":0,"73":0,"74":0,"75":0,"76":0,"77":0,"78":0,"79":0,"80":0,"81":0,"82":0,"83":0,"84":0,"85":0,"86":0,"87":0,"88":0,"89":0,"90":0,"91":0,"92":0,"93":0,"94":0,"95":0,"96":0,"97":0,"98":0,"99":0,"100":0,"101":0,"102":0,"103":4},"f":{"0":4,"1":4,"2":0,"3":0,"4":0,"5":0,"6":0,"7":0,"8":0,"9":0,"10":0,"11":0,"12":0,"13":0,"14":0,"15":0},"b":{"0":[0,0],"1":[0,0],"2":[0,0],"3":[0,0],"4":[0,0],"5":[0,0],"6":[0,0],"7":[0,0],"8":[0,0],"9":[0,0],"10":[0,0],"11":[0,0],"12":[0,0],"13":[0,0],"14":[0,0],"15":[0,0],"16":[0,0],"17":[0,0],"18":[0,0]},"_coverageSchema":"1a1c01bbd47fc00a2c39e90264f33305004495a9","hash":"8b6d620643a26f7c762b8a32208acd58ced5a8e9"}
,"C:\\Users\\dhiresh\\OneDrive\\Desktop\\code\\learning\\cybernet-lab\\backend\\services\\labQualityService.js": {"path":"C:\\Users\\dhiresh\\OneDrive\\Desktop\\code\\learning\\cybernet-lab\\backend\\services\\labQualityService.js","statementMap":{"0":{"start":{"line":1,"column":11},"end":{"line":1,"column":24}},"1":{"start":{"line":2,"column":13},"end":{"line":2,"column":28}},"2":{"start":{"line":4,"column":21},"end":{"line":4,"column":110}},"3":{"start":{"line":6,"column":15},"end":{"line":6,"column":19}},"4":{"start":{"line":9,"column":2},"end":{"line":9,"column":32}},"5":{"start":{"line":9,"column":16},"end":{"line":9,"column":32}},"6":{"start":{"line":10,"column":2},"end":{"line":17,"column":3}},"7":{"start":{"line":11,"column":16},"end":{"line":11,"column":53}},"8":{"start":{"line":12,"column":4},"end":{"line":12,"column":31}},"9":{"start":{"line":13,"column":4},"end":{"line":13,"column":20}},"10":{"start":{"line":15,"column":4},"end":{"line":15,"column":76}},"11":{"start":{"line":16,"column":4},"end":{"line":16,"column":43}},"12":{"start":{"line":24,"column":14},"end":{"line":24,"column":28}},"13":{"start":{"line":25,"column":2},"end":{"line":25,"column":107}},"14":{"start":{"line":25,"column":39},"end":{"line":25,"column":105}},"15":{"start":{"line":32,"column":14},"end":{"line":32,"column":28}},"16":{"start":{"line":33,"column":2},"end":{"line":33,"column":86}},"17":{"start":{"line":33,"column":39},"end":{"line":33,"column":76}},"18":{"start":{"line":40,"column":14},"end":{"line":40,"column":28}},"19":{"start":{"line":41,"column":2},"end":{"line":43,"column":39}},"20":{"start":{"line":42,"column":21},"end":{"line":42,"column":46}},"21":{"start":{"line":43,"column":18},"end":{"line":43,"column":37}},"22":{"start":{"line":50,"column":2},"end":{"line":50,"column":24}},"23":{"start":{"line":59,"column":2},"end":{"line":61,"column":3}},"24":{"start":{"line":60,"column":4},"end":{"line":60,"column":67}},"25":{"start":{"line":63,"column":18},"end":{"line":63,"column":20}},"26":{"start":{"line":64,"column":19},"end":{"line":64,"column":21}},"27":{"start":{"line":67,"column":2},"end":{"line":67,"column":42}},"28":{"start":{"line":67,"column":15},"end":{"line":67,"column":42}},"29":{"start":{"line":68,"column":2},"end":{"line":68,"column":48}},"30":{"start":{"line":68,"column":18},"end":{"line":68,"column":48}},"31":{"start":{"line":69,"column":2},"end":{"line":69,"column":54}},"32":{"start":{"line":69,"column":21},"end":{"line":69,"column":54}},"33":{"start":{"line":70,"column":2},"end":{"line":70,"column":78}},"34":{"start":{"line":70,"column":37},"end":{"line":70,"column":78}},"35":{"start":{"line":73,"column":16},"end":{"line":73,"column":57}},"36":{"start":{"line":74,"column":2},"end":{"line":74,"column":51}},"37":{"start":{"line":74,"column":26},"end":{"line":74,"column":51}},"38":{"start":{"line":77,"column":35},"end":{"line":77,"column":93}},"39":{"start":{"line":77,"column":53},"end":{"line":77,"column":92}},"40":{"start":{"line":78,"column":2},"end":{"line":80,"column":3}},"41":{"start":{"line":79,"column":4},"end":{"line":79,"column":92}},"42":{"start":{"line":83,"column":32},"end":{"line":83,"column":119}},"43":{"start":{"line":84,"column":2},"end":{"line":86,"column":3}},"44":{"start":{"line":85,"column":4},"end":{"line":85,"column":48}},"45":{"start":{"line":89,"column":26},"end":{"line":89,"column":164}},"46":{"start":{"line":90,"column":2},"end":{"line":92,"column":3}},"47":{"start":{"line":91,"column":4},"end":{"line":91,"column":42}},"48":{"start":{"line":95,"column":2},"end":{"line":97,"column":3}},"49":{"start":{"line":96,"column":4},"end":{"line":96,"column":105}},"50":{"start":{"line":100,"column":22},"end":{"line":100,"column":42}},"51":{"start":{"line":102,"column":2},"end":{"line":111,"column":4}},"52":{"start":{"line":114,"column":0},"end":{"line":120,"column":2}}},"fnMap":{"0":{"name":"loadRegistry","decl":{"start":{"line":8,"column":9},"end":{"line":8,"column":21}},"loc":{"start":{"line":8,"column":24},"end":{"line":18,"column":1}},"line":8},"1":{"name":"isQuarantined","decl":{"start":{"line":23,"column":9},"end":{"line":23,"column":22}},"loc":{"start":{"line":23,"column":30},"end":{"line":26,"column":1}},"line":23},"2":{"name":"(anonymous_2)","decl":{"start":{"line":25,"column":30},"end":{"line":25,"column":31}},"loc":{"start":{"line":25,"column":39},"end":{"line":25,"column":105}},"line":25},"3":{"name":"getLabStatus","decl":{"start":{"line":31,"column":9},"end":{"line":31,"column":21}},"loc":{"start":{"line":31,"column":29},"end":{"line":34,"column":1}},"line":31},"4":{"name":"(anonymous_4)","decl":{"start":{"line":33,"column":30},"end":{"line":33,"column":31}},"loc":{"start":{"line":33,"column":39},"end":{"line":33,"column":76}},"line":33},"5":{"name":"getQuarantinedLabIds","decl":{"start":{"line":39,"column":9},"end":{"line":39,"column":29}},"loc":{"start":{"line":39,"column":32},"end":{"line":44,"column":1}},"line":39},"6":{"name":"(anonymous_6)","decl":{"start":{"line":42,"column":12},"end":{"line":42,"column":13}},"loc":{"start":{"line":42,"column":21},"end":{"line":42,"column":46}},"line":42},"7":{"name":"(anonymous_7)","decl":{"start":{"line":43,"column":9},"end":{"line":43,"column":10}},"loc":{"start":{"line":43,"column":18},"end":{"line":43,"column":37}},"line":43},"8":{"name":"getRegistry","decl":{"start":{"line":49,"column":9},"end":{"line":49,"column":20}},"loc":{"start":{"line":49,"column":23},"end":{"line":51,"column":1}},"line":49},"9":{"name":"evaluateLabQuality","decl":{"start":{"line":58,"column":9},"end":{"line":58,"column":27}},"loc":{"start":{"line":58,"column":33},"end":{"line":112,"column":1}},"line":58},"10":{"name":"(anonymous_10)","decl":{"start":{"line":77,"column":48},"end":{"line":77,"column":49}},"loc":{"start":{"line":77,"column":53},"end":{"line":77,"column":92}},"line":77}},"branchMap":{"0":{"loc":{"start":{"line":9,"column":2},"end":{"line":9,"column":32}},"type":"if","locations":[{"start":{"line":9,"column":2},"end":{"line":9,"column":32}},{"start":{},"end":{}}],"line":9},"1":{"loc":{"start":{"line":25,"column":39},"end":{"line":25,"column":105}},"type":"binary-expr","locations":[{"start":{"line":25,"column":39},"end":{"line":25,"column":76}},{"start":{"line":25,"column":80},"end":{"line":25,"column":105}}],"line":25},"2":{"loc":{"start":{"line":33,"column":9},"end":{"line":33,"column":85}},"type":"binary-expr","locations":[{"start":{"line":33,"column":9},"end":{"line":33,"column":77}},{"start":{"line":33,"column":81},"end":{"line":33,"column":85}}],"line":33},"3":{"loc":{"start":{"line":59,"column":2},"end":{"line":61,"column":3}},"type":"if","locations":[{"start":{"line":59,"column":2},"end":{"line":61,"column":3}},{"start":{},"end":{}}],"line":59},"4":{"loc":{"start":{"line":59,"column":6},"end":{"li
[...]
,"C:\\Users\\dhiresh\\OneDrive\\Desktop\\code\\learning\\cybernet-lab\\backend\\websocket\\connection.js": {"path":"C:\\Users\\dhiresh\\OneDrive\\Desktop\\code\\learning\\cybernet-lab\\backend\\websocket\\connection.js","statementMap":{"0":{"start":{"line":1,"column":23},"end":{"line":1,"column":38}},"1":{"start":{"line":3,"column":45},"end":{"line":3,"column":70}},"2":{"start":{"line":5,"column":24},"end":{"line":9,"column":2}},"3":{"start":{"line":12,"column":17},"end":{"line":12,"column":74}},"4":{"start":{"line":13,"column":2},"end":{"line":13,"column":27}},"5":{"start":{"line":13,"column":15},"end":{"line":13,"column":27}},"6":{"start":{"line":14,"column":2},"end":{"line":14,"column":37}},"7":{"start":{"line":18,"column":2},"end":{"line":21,"column":3}},"8":{"start":{"line":19,"column":4},"end":{"line":19,"column":41}},"9":{"start":{"line":20,"column":4},"end":{"line":20,"column":11}},"10":{"start":{"line":22,"column":21},"end":{"line":22,"column":29}},"11":{"start":{"line":23,"column":19},"end":{"line":31,"column":4}},"12":{"start":{"line":33,"column":3},"end":{"line":33,"column":36}},"13":{"start":{"line":34,"column":3},"end":{"line":34,"column":30}},"14":{"start":{"line":36,"column":3},"end":{"line":36,"column":28}},"15":{"start":{"line":37,"column":3},"end":{"line":37,"column":63}},"16":{"start":{"line":39,"column":3},"end":{"line":46,"column":6}},"17":{"start":{"line":40,"column":5},"end":{"line":45,"column":6}},"18":{"start":{"line":41,"column":19},"end":{"line":41,"column":46}},"19":{"start":{"line":42,"column":7},"end":{"line":42,"column":41}},"20":{"start":{"line":44,"column":7},"end":{"line":44,"column":85}},"21":{"start":{"line":48,"column":3},"end":{"line":51,"column":6}},"22":{"start":{"line":49,"column":5},"end":{"line":49,"column":32}},"23":{"start":{"line":50,"column":5},"end":{"line":50,"column":32}},"24":{"start":{"line":53,"column":3},"end":{"line":56,"column":6}},"25":{"start":{"line":54,"column":5},"end":{"line":54,"column":32}},"26":{"start":{"line":55,"column":5},"end":{"line":55,"column":32}},"27":{"start":{"line":59,"column":0},"end":{"line":59,"column":38}}},"fnMap":{"0":{"name":"isOriginAllowed","decl":{"start":{"line":11,"column":9},"end":{"line":11,"column":24}},"loc":{"start":{"line":11,"column":30},"end":{"line":15,"column":1}},"line":11},"1":{"name":"handleConnection","decl":{"start":{"line":17,"column":9},"end":{"line":17,"column":25}},"loc":{"start":{"line":17,"column":50},"end":{"line":57,"column":2}},"line":17},"2":{"name":"(anonymous_2)","decl":{"start":{"line":39,"column":20},"end":{"line":39,"column":21}},"loc":{"start":{"line":39,"column":36},"end":{"line":46,"column":4}},"line":39},"3":{"name":"(anonymous_3)","decl":{"start":{"line":48,"column":18},"end":{"line":48,"column":19}},"loc":{"start":{"line":48,"column":24},"end":{"line":51,"column":4}},"line":48},"4":{"name":"(anonymous_4)","decl":{"start":{"line":53,"column":18},"end":{"line":53,"column":19}},"loc":{"start":{"line":53,"column":24},"end":{"line":56,"column":4}},"line":53}},"branchMap":{"0":{"loc":{"start":{"line":6,"column":22},"end":{"line":6,"column":46}},"type":"binary-expr","locations":[{"start":{"line":6,"column":22},"end":{"line":6,"column":38}},{"start":{"line":6,"column":42},"end":{"line":6,"column":46}}],"line":6},"1":{"loc":{"start":{"line":7,"column":22},"end":{"line":7,"column":46}},"type":"binary-expr","locations":[{"start":{"line":7,"column":22},"end":{"line":7,"column":38}},{"start":{"line":7,"column":42},"end":{"line":7,"column":46}}],"line":7},"2":{"loc":{"start":{"line":8,"column":23},"end":{"line":8,"column":47}},"type":"binary-expr","locations":[{"start":{"line":8,"column":23},"end":{"line":8,"column":39}},{"start":{"line":8,"column":43},"end":{"line":8,"column":47}}],"line":8},"3":{"loc":{"start":{"line":12,"column":17},"end":{"line":12,"column":74}},"type":"binary-expr","locations":[{"start":{"line":12,"column":17},"end":{"line":12,"column":35}},{"start":{"line":12,"column":39},"end":{"line":12,"column":74}}],"line":12},"4":{"loc":{"start":{"line":13,"column":2},"end":{"line":13,"column":27}},"type":"if","locations":[{"start":{"line":13,"column":2},"end":{"line":13,"column":27}},{"start":{},"end":{}}],"line":13},"5":{"loc":{"start":{"line":18,"column":2},"end":{"line":21,"column":3}},"type":"if","locations":[{"start":{"line":18,"column":2},"end":{"line":21,"column":3}},{"start":{},"end":{}}],"line":18}},"s":{"0":4,"1":4,"2":4,"3":48,"4":48,"5":48,"6":0,"7":48,"8":0,"9":0,"10":48,"11":48,"12":48,"13":48,"14":48,"15":48,"16":48,"17":39,"18":39,"19":38,"20":1,"21":48,"22":29,"23":29,"24":48,"25":0,"26":0,"27":4},"f":{"0":48,"1":48,"2":39,"3":29,"4":0},"b":{"0":[4,0],"1":[4,0],"2":[4,0],"3":[48,48],"4":[48,0],"5":[0,48]},"_coverageSchema":"1a1c01bbd47fc00a2c39e90264f33305004495a9","hash":"85c5eb843d11b3484d2288ec82f546ca463a37b3"}
,"C:\\Users\\dhiresh\\OneDrive\\Desktop\\code\\learning\\cybernet-lab\\backend\\websocket\\messages.js": {"path":"C:\\Users\\dhiresh\\OneDrive\\Desktop\\code\\learning\\cybernet-lab\\backend\\websocket\\messages.js","statementMap":{"0":{"start":{"line":1,"column":31},"end":{"line":1,"column":56}},"1":{"start":{"line":11,"column":4},"end":{"line":11,"column":37}},"2":{"start":{"line":20,"column":2},"end":{"line":22,"column":3}},"3":{"start":{"line":21,"column":4},"end":{"line":21,"column":63}},"4":{"start":{"line":23,"column":2},"end":{"line":25,"column":3}},"5":{"start":{"line":24,"column":4},"end":{"line":24,"column":53}},"6":{"start":{"line":26,"column":2},"end":{"line":28,"column":3}},"7":{"start":{"line":27,"column":4},"end":{"line":27,"column":54}},"8":{"start":{"line":29,"column":2},"end":{"line":31,"column":3}},"9":{"start":{"line":30,"column":4},"end":{"line":30,"column":52}},"10":{"start":{"line":32,"column":2},"end":{"line":32,"column":25}},"11":{"start":{"line":36,"column":21},"end":{"line":36,"column":41}},"12":{"start":{"line":37,"column":2},"end":{"line":40,"column":3}},"13":{"start":{"line":38,"column":4},"end":{"line":38,"column":83}},"14":{"start":{"line":39,"column":4},"end":{"line":39,"column":11}},"15":{"start":{"line":42,"column":2},"end":{"line":42,"column":36}},"16":{"start":{"line":44,"column":2},"end":{"line":74,"column":3}},"17":{"start":{"line":46,"column":6},"end":{"line":46,"column":54}},"18":{"start":{"line":49,"column":6},"end":{"line":49,"column":70}},"19":{"start":{"line":52,"column":6},"end":{"line":52,"column":59}},"20":{"start":{"line":55,"column":6},"end":{"line":55,"column":71}},"21":{"start":{"line":58,"column":6},"end":{"line":58,"column":75}},"22":{"start":{"line":61,"column":6},"end":{"line":61,"column":80}},"23":{"start":{"line":64,"column":6},"end":{"line":64,"column":63}},"24":{"start":{"line":67,"column":6},"end":{"line":67,"column":73}},"25":{"start":{"line":70,"column":6},"end":{"line":70,"column":62}},"26":{"start":{"line":73,"column":6},"end":{"line":73,"column":90}},"27":{"start":{"line":78,"column":17},"end":{"line":78,"column":41}},"28":{"start":{"line":79,"column":2},"end":{"line":82,"column":3}},"29":{"start":{"line":80,"column":4},"end":{"line":80,"column":78}},"30":{"start":{"line":81,"column":4},"end":{"line":81,"column":11}},"31":{"start":{"line":83,"column":2},"end":{"line":87,"column":6}},"32":{"start":{"line":91,"column":19},"end":{"line":91,"column":43}},"33":{"start":{"line":92,"column":2},"end":{"line":95,"column":3}},"34":{"start":{"line":93,"column":4},"end":{"line":93,"column":89}},"35":{"start":{"line":94,"column":4},"end":{"line":94,"column":11}},"36":{"start":{"line":97,"column":17},"end":{"line":97,"column":59}},"37":{"start":{"line":98,"column":2},"end":{"line":101,"column":3}},"38":{"start":{"line":99,"column":4},"end":{"line":99,"column":78}},"39":{"start":{"line":100,"column":4},"end":{"line":100,"column":11}},"40":{"start":{"line":102,"column":2},"end":{"line":102,"column":42}},"41":{"start":{"line":106,"column":2},"end":{"line":108,"column":3}},"42":{"start":{"line":107,"column":4},"end":{"line":107,"column":13}},"43":{"start":{"line":109,"column":17},"end":{"line":109,"column":48}},"44":{"start":{"line":110,"column":2},"end":{"line":113,"column":3}},"45":{"start":{"line":111,"column":4},"end":{"line":111,"column":78}},"46":{"start":{"line":112,"column":4},"end":{"line":112,"column":11}},"47":{"start":{"line":114,"column":2},"end":{"line":114,"column":42}},"48":{"start":{"line":118,"column":17},"end":{"line":118,"column":54}},"49":{"start":{"line":119,"column":2},"end":{"line":122,"column":3}},"50":{"start":{"line":120,"column":4},"end":{"line":120,"column":78}},"51":{"start":{"line":121,"column":4},"end":{"line":121,"column":11}},"52":{"start":{"line":123,"column":2},"end":{"line":123,"column":42}},"53":{"start":{"line":128,"column":19},"end":{"line":128,"column":43}},"54":{"start":{"line":129,"column":2},"end":{"line":129,"column":24}},"55":{"start":{"line":129,"column":17},"end":{"line":129,"column":24}},"56":{"start":{"line":131,"column":2},"end":{"line":131,"column":64}},"57":{"start":{"line":131,"column":30},"end":{"line":131,"column":64}},"58":{"start":{"line":132,"column":2},"end":{"line":132,"column":45}},"59":{"start":{"line":134,"column":2},"end":{"line":134,"column":77}},"60":{"start":{"line":138,"column":17},"end":{"line":138,"column":59}},"61":{"start":{"line":139,"column":2},"end":{"line":142,"column":3}},"62":{"start":{"line":140,"column":4},"end":{"line":140,"column":78}},"63":{"start":{"line":141,"column":4},"end":{"line":141,"column":11}},"64":{"start":{"line":143,"column":2},"end":{"line":143,"column":42}},"65":{"start":{"line":147,"column":17},"end":{"line":147,"column":50}},"66":{"start":{"line":148,"column":2},"end":{"line":151,"column":3}},"67":{"start":{"line":149,"column":4},"end":{"line":149,"column":78}},"68":{"start":{"line":150,"column":4},"end":{"line":150,"column":11}},"69":{"start":{"line":152,"column":2},"end":{"line":152,"column":42}},"70":{"start":{"line":156,"column":17},"end":{"line":156,"column":56}},"71":{"start":{"line":157,"column":2},"end":{"line":160,"column":3}},"72":{"start":{"line":158,"column":4},"end":{"line":158,"column":78}},"73":{"start":{"line":159,"column":4},"end":{"line":159,"column":11}},"74":{"start":{"line":161,"column":2},"end":{"line":161,"column":42}},"75":{"start":{"line":165,"column":17},"end":{"line":165,"column":55}},"76":{"start":{"line":166,"column":2},"end":{"line":166,"column":42}},"77":{"start":{"line":170,"column":2},"end":{"line":174,"column":4}},"78":{"start":{"line":177,"column":0},"end":{"line":177,"column":35}}},"fnMap":{"0":{"name":"validateMessage","decl":{"start":{"line":19,"column":9},"end":{"line":19,"column":24}},"loc":{"start":{"line":19,"column":30},"end":{"line":33,"column":1}},"line":19},"1":{"name":"handleMessage","decl":{"start":{"line":35,"column":15},"end":{"line":35,"column":28}},"loc":{"start":{"line":35,"column":43},"end":{"line":75,"column":1}},"line":35},"2":{"name":"handleStartLab","decl":{"start":{"line":77,"column":15},"end":{"line":77,"column":29}},"loc":{"start":{"line":77,"column":46},"end":{"line":88,"column":1}},"line":77},"3":{"name":"handleVerifyStep","decl":{"start":{"line":90,"column":15},"end":{"line":90,"column":31}},"loc":{"start":{"line":90,"column":58},"end":{"line":103,"column":1}},"line":90},"4":{"name":"handleSendHint","decl":{"start":{"line":105,"column":9},"end":{"line":105,"column":23}},"loc":{"start":{"line":105,"column":47},"end":{"line":115,"column":1}},"line":105},"5":{"name":"handlePushConfig","decl":{"start":{"line":117,"column":15},"end":{"line":117,"column":31}},"loc":{"start":{"line":117,"column":59},"end":{"line":124,"column":1}},"line":117},"6":{"name":"handleSyncDeviceState","decl":{"start":{"line":126,"column":15},"end":{"line":126,"column":36}},"loc":{"start":{"line":126,"column":63},"end":{"line":135,"column":1}},"line":126},"7":{"name":"handleConnectCable","decl":{"start":{"line":137,"column":15},"end":{"line":137,"column":33}},"loc":{"start":{"line":137,"column":64},"end":{"line":144,"column":1}},"line":137},"8":{"name":"handleDisconnectCable","decl":{"start":{"line":146,"column":15},"end":{"line":146,"column":36}},"loc":{"start":{"line":146,"column":55},"end":{"line":153,"column":1}},"line":146},"9":{"name":"handleInjectError","decl":{"start":{"line":155,"column":15},"end":{"line":155,"column":32}},"loc":{"start":{"line":155,"column":61},"end":{"line":162,"column":1}},"line":155},"10":{"name":"handleSubscribeTelemetry","decl":{"start":{"line":164,"column":9},"end":{"line":164,"column":33}},"loc":{"start":{"line":164,"column":54},"end":{"line":167,"column":1}},"line":164},"11":{"name":"serializeState","decl":{"start":{"line":169,"column":9},"end":{"line":169,"column":23}},"loc":{"start":{"line":169,"column":31},"end":{"line":175,"column":1}},"line":169}},"branchMap":{"0":{"loc":{"start":{"line":20,"column":2},"end":{"line":22,"column":3}},"type":"if","locations":[{"start":{"line":20,"column":2},"end":{"line":22,"column":3}},{"start":{},"end":{}}],"line":20},"1":{"loc":{"start":{"line":20,"column":6},"end":{"line":20,"column":42}},"type":"binary-expr","locations":[{"start":{"line":20,"column":6},"end":{"line":20,"column":10}},{"start":{"line":20,"column":14},"end":{"line":20,"column":42}}],"line":20},"2":{"loc":{"start":{"line":23,"column":2},"end":{"line":25,"column":3}},"type":"if","locations":[{"start":{"line":23,"column":2},"end":{"line":25,"column":3}},{"start":{},"end":{}}],"line":23},"3":{"loc":{"start":{"line":23,"column":6},"end":{"line":23,"column":44}},"type":"binary-expr","locations":[{"start":{"line":23,"column":6},"end":{"line":23,"column":30}},{"start":{"line":23,"column":34},"end":{"line":23,"column":44}}],"line":23},"4":{"loc":{"start":{"line":26,"column":2},"end":{"line":28,"column":3}},"type":"if","locations":[{"start":{"line":26,"column":2},"end":{"line":28,"column":3}},{"start":{},"end":{}}],"line":26},"5":{"loc":{"start":{"line":26,"column":6},"end":{"line":26,"column":80}},"type":"binary-expr","locations":[{"start":{"line":26,"column":7},"end":{"line":26,"column":37}},{"start":{"line":26,"column":41},"end":{"line":26,"column":64}},{"start":{"line":26,"column":69},"end":{"line":26,"column":80}}],"line":26},"6":{"loc":{"start":{"line":29,"column":2},"end":{"line":31,"column":3}},"type":"if","locations":[{"start":{"line":29,"column":2},"end":{"line":31,"column":3}},{"start":{},"end":{}}],"line":29},"7":{"loc":{"start":{"line":29,"column":6},"end":{"line":29,"column":110}},"type":"binary-expr","locations":[{"start":{"line":29,"column":6},"end":{"line":29,"column":29}},{"start":{"line":29,"column":34},"end":{"line":29,"column":62}},{"start":{"line":29,"column":66},"end":{"line":29,"column":78}},{"start":{"line":29,"column":82},"end":{"line":29,"column":109}}],"line":29},"8":{"loc":{"start":{"line":37,"column":2},"end":{"line":40,"column":3}},"type":"if","locations":[{"start":{"line":37,"column":2},"end":{"line":40,"column":3}},{"start":{},"end":{}}],"line":37},"9":{"loc":{"start":{"line":44,"column":2},"end":{"line":74,"column":3}},"type":"switch","locations":[{"start":{"line":45,"column":4},"end":{"line":46,"column":54}},{"start":{"line":48,"column":4},"end":{"line":49,"column":70}},{"start":{"line":51,"column":4},"end":{"line":52,"column":59}},{"start":{"line":54,"column":4},"end":{"line":55,"column":71}},{"start":{"line":57,"column":4},"end":{"line":58,"column":75}},{"start":{"line":60,"column":4},"end":{"line":61,"column":80}},{"start":{"line":63,"column":4},"end":{"line":64,"column":63}},{"start":{"line":66,"column":4},"end":{"line":67,"column":73}},{"start":{"line":69,"column":4},"end":{"line":70,"column":62}},{"start":{"line":72,"column":4},"end":{"line":73,"column":90}}],"line":44},"10":{"loc":{"start":{"line":79,"column":2},"end":{"line":82,"column":3}},"type":"if","locations":[{"start":{"line":79,"column":2},"end":{"line":82,"column":3}},{"start":{},"end":{}}],"line":79},"11":{"loc":{"start":{"line":92,"column":2},"end":{"line":95,"column":3}},"type":"if","locations":[{"start":{"line":92,"column":2},"end":{"line":95,"column":3}},{"start":{},"end":{}}],"line":92},"12":{"loc":{"start":{"line":98,"column":2},"end":{"line":101,"column":3}},"type":"if","locations":[{"start":{"line":98,"column":2},"end":{"line":101,"column":3}},{"start":{},"end":{}}],"line":98},"13":{"loc":{"start":{"line":106,"column":2},"end":{"line":108,"column":3}},"type":"if","locations":[{"start":{"line":106,"column":2},"end":{"line":108,"column":3}},{"start":{},"end":{}}],"line":106},"14":{"loc":{"start":{"line":106,"column":6},"end":{"line":106,"column":42}},"type":"binary-expr","locations":[{"start":{"line":106,"column":6},"end":{"line":106,"column":30}},{"start":{"line":106,"column":34},"end":{"line":106,"column":42}}],"line":106},"15":{"loc":{"start":{"line":110,"column":2},"end":{"line":113,"column":3}},"type":"if","locations":[{"start":{"line":110,"column":2},"end":{"line":113,"column":3}},{"start":{},"end":{}}],"line":110},"16":{"loc":{"start":{"line":119,"column":2},"end":{"line":122,"column":3}},"type":"if","locations":[{"start":{"line":119,"column":2},"end":{"line":122,"column":3}},{"start":{},"end":{}}],"line":119},"17":{"loc":{"start":{"line":129,"column":2},"end":{"line":129,"column":24}},"type":"if","locations":[{"start":{"line":129,"column":2},"end":{"line":129,"column":24}},{"start":{},"end":{}}],"line":129},"18":{"loc":{"start":{"line":131,"column":2},"end":{"line":131,"column":64}},"type":"if","locations":[{"start":{"line":131,"column":2},"end":{"line":131,"column":64}},{"start":{},"end":{}}],"line":131},"19":{"loc":{"start":{"line":139,"column":2},"end":{"line":142,"column":3}},"type":"if","locations":[{"start":{"line":139,"column":2},"end":{"line":142,"column":3}},{"start":{},"end":{}}],"line":139},"20":{"loc":{"start":{"line":148,"column":2},"end":{"line":151,"column":3}},"type":"if","locations":[{"start":{"line":148,"column":2},"end":{"line":151,"column":3}},{"start":{},"end":{}}],"line":148},"21":{"loc":{"start":{"line":157,"column":2},"end":{"line":160,"column":3}},"type":"if","locations":[{"start":{"line":157,"column":2},"end":{"line":160,"column":3}},{"start":{},"end":{}}],"line":157}},"s":{"0":4,"1":4,"2":38,"3":0,"4":38,"5":1,"6":37,"7":2,"8":35,"9":2,"10":33,"11":38,"12":38,"13":5,"14":5,"15":33,"16":33,"17":18,"18":3,"19":2,"20":2,"21":3,"22":2,"23":0,"24":0,"25":2,"26":1,"27":18,"28":18,"29":1,"30":1,"31":17,"32":3,"33":3,"34":1,"35":1,"36":2,"37":2,"38":1,"39":1,"40":1,"41":2,"42":0,"43":2,"44":2,"45":1,"46":1,"47":1,"48":2,"49":2,"50":1,"51":1,"52":1,"53":3,"54":3,"55":0,"56":3,"57":0,"58":3,"59":3,"60":2,"61":2,"62":1,"63":1,"64":1,"65":0,"66":0,"67":0,"68":0,"69":0,"70":0,"71":0,"72":0,"73":0,"74":0,"75":2,"76":2,"77":17,"78":4},"f":{"0":38,"1":38,"2":18,"3":3,"4":2,"5":2,"6":3,"7":2,"8":0,"9":0,"10":2,"11":17},"b":{"0":[0,38],"1":[38,38],"2":[1,37],"3":[38,19],"4":[2,35],"5":[37,33,9],"6":[2,33],"7":[35,4,3,2],"8":[5,33],"9":[18,3,2,2,3,2,0,0,2,1],"10":[1,17],"11":[1,2],"12":[1,1],"13":[0,2],"14":[2,2],"15":[1,1],"16":[1,1],"17":[0,3],"18":[0,3],"19":[1,1],"20":[0,0],"21":[0,0]},"_coverageSchema":"1a1c01bbd47fc00a2c39e90264f33305004495a9","hash":"60db5c97a5c26b33883f28d39c3c06360e7344d9"}
}
