TN:
SF:server.js
FN:58,(anonymous_0)
FN:80,(anonymous_1)
FN:112,(anonymous_2)
FN:121,(anonymous_3)
FN:131,(anonymous_4)
FN:142,(anonymous_5)
FN:152,(anonymous_6)
FN:153,(anonymous_7)
FN:165,startTelemetryBroadcast
FN:166,(anonymous_9)
FN:176,init
FN:196,(anonymous_11)
FN:220,stop
FN:228,(anonymous_13)
FNF:14
FNH:7
FNDA:35,(anonymous_0)
FNDA:1,(anonymous_1)
FNDA:0,(anonymous_2)
FNDA:0,(anonymous_3)
FNDA:0,(anonymous_4)
FNDA:0,(anonymous_5)
FNDA:48,(anonymous_6)
FNDA:38,(anonymous_7)
FNDA:4,startTelemetryBroadcast
FNDA:0,(anonymous_9)
FNDA:4,init
FNDA:0,(anonymous_11)
FNDA:1,stop
FNDA:0,(anonymous_13)
DA:1,4
DA:2,4
DA:3,4
DA:4,4
DA:5,4
DA:6,4
DA:7,4
DA:8,4
DA:9,4
DA:10,4
DA:38,4
DA:39,4
DA:40,4
DA:41,4
DA:42,4
DA:43,4
DA:44,4
DA:45,4
DA:46,4
DA:47,4
DA:49,4
DA:50,4
DA:51,4
DA:53,4
DA:54,4
DA:55,4
DA:56,4
DA:58,4
DA:59,35
DA:60,0
DA:62,35
DA:65,4
DA:66,4
DA:68,4
DA:69,4
DA:70,4
DA:71,4
DA:72,4
DA:78,4
DA:80,4
DA:81,1
DA:84,4
DA:85,4
DA:86,4
DA:87,4
DA:88,4
DA:89,4
DA:90,4
DA:91,4
DA:92,4
DA:93,4
DA:94,4
DA:95,4
DA:96,4
DA:97,4
DA:99,4
DA:100,4
DA:101,4
DA:102,4
DA:103,4
DA:104,4
DA:105,4
DA:106,4
DA:107,4
DA:108,4
DA:109,4
DA:110,4
DA:112,4
DA:113,0
DA:114,0
DA:115,0
DA:117,0
DA:121,4
DA:122,0
DA:123,0
DA:124,0
DA:125,0
DA:127,0
DA:131,4
DA:132,0
DA:133,0
DA:134,0
DA:135,0
DA:136,0
DA:138,0
DA:142,4
DA:143,0
DA:144,0
DA:145,0
DA:146,0
DA:148,0
DA:152,4
DA:153,48
DA:154,48
DA:156,48
DA:157,48
DA:158,48
DA:159,48
DA:166,4
DA:167,0
DA:168,0
DA:169,0
DA:174,4
DA:177,4
DA:178,4
DA:179,4
DA:180,4
DA:182,4
DA:183,4
DA:184,4
DA:186,4
DA:187,4
DA:188,4
DA:189,4
DA:191,0
DA:194,4
DA:196,4
DA:197,0
DA:198,0
DA:199,0
DA:200,0
DA:201,0
DA:202,0
DA:207,4
DA:208,4
DA:209,4
DA:210,0
DA:211,4
DA:213,0
DA:214,0
DA:218,4
DA:221,1
DA:222,1
DA:223,1
DA:224,1
DA:225,1
DA:228,4
DA:229,0
DA:230,0
DA:231,0
DA:234,4
LF:141
LH:104
BRDA:59,0,0,0
BRDA:59,0,1,35
BRDA:59,1,0,35
BRDA:59,1,1,0
BRDA:65,2,0,4
BRDA:65,2,1,0
BRDA:66,3,0,4
BRDA:66,3,1,3
BRDA:158,4,0,48
BRDA:158,4,1,0
BRDA:159,5,0,48
BRDA:159,5,1,0
BRDA:168,6,0,0
BRDA:168,6,1,0
BRDA:180,7,0,4
BRDA:180,7,1,0
BRDA:199,8,0,0
BRDA:199,8,1,0
BRDA:209,9,0,4
BRDA:209,9,1,0
BRDA:211,10,0,4
BRDA:211,10,1,0
BRDA:221,11,0,1
BRDA:221,11,1,0
BRDA:222,12,0,1
BRDA:222,12,1,0
BRDA:223,13,0,1
BRDA:223,13,1,0
BRF:28
BRH:13
end_of_record
TN:
SF:data\labLoader.js
FN:11,loadLabs
FN:16,(anonymous_1)
FN:24,(anonymous_2)
FNF:3
FNH:3
FNDA:4,loadLabs
FNDA:988,(anonymous_1)
FNDA:8,(anonymous_2)
DA:1,4
DA:2,4
DA:4,4
DA:12,4
DA:13,4
DA:14,4
DA:15,4
DA:16,988
DA:17,4
DA:19,0
DA:22,4
DA:23,4
DA:24,4
DA:25,8
DA:26,8
DA:27,8
DA:29,4
DA:32,0
DA:36,4
LF:19
LH:17
BRDA:14,0,0,4
BRDA:14,0,1,0
BRDA:23,1,0,4
BRDA:23,1,1,0
BRDA:25,2,0,0
BRDA:25,2,1,8
BRF:6
BRH:3
end_of_record
TN:
SF:routes\apiRoutes.js
FN:37,handleGetLabs
FN:39,(anonymous_1)
FN:40,(anonymous_2)
FN:50,handleGetLab
FN:57,handleStartLab
FN:90,handleGetActiveSession
FN:113,handleResetSession
FN:129,handleGetUserLabState
FN:136,handleSaveUserLabState
FN:148,(anonymous_9)
FN:149,(anonymous_10)
FN:168,handleGetUserProgress
FN:170,(anonymous_12)
FN:176,handleGetLearnerProgress
FN:182,handleGetLearnerLabProgress
FN:196,handleStartLearnerLab
FN:206,handleCompleteLearnerLab
FN:217,handleGetAvailableLabs
FN:223,handleGetLockedLabs
FN:232,handleCreateTicket
FN:240,handleGetTicket
FN:246,(anonymous_21)
FN:249,handleGetTickets
FN:265,handleUpdateTicketStatus
FN:274,handleUpdateTicket
FN:283,handleAddEvidence
FN:291,handleAddInvestigationStep
FN:299,handleAssignTicket
FN:307,handleCloseTicket
FN:315,handleDeleteTicket
FN:323,handleSearchTickets
FN:329,handleGetTicketStats
FNF:32
FNH:19
FNDA:1,handleGetLabs
FNDA:249,(anonymous_1)
FNDA:242,(anonymous_2)
FNDA:3,handleGetLab
FNDA:3,handleStartLab
FNDA:2,handleGetActiveSession
FNDA:1,handleResetSession
FNDA:0,handleGetUserLabState
FNDA:0,handleSaveUserLabState
FNDA:0,(anonymous_9)
FNDA:0,(anonymous_10)
FNDA:0,handleGetUserProgress
FNDA:0,(anonymous_12)
FNDA:1,handleGetLearnerProgress
FNDA:1,handleGetLearnerLabProgress
FNDA:1,handleStartLearnerLab
FNDA:1,handleCompleteLearnerLab
FNDA:1,handleGetAvailableLabs
FNDA:1,handleGetLockedLabs
FNDA:10,handleCreateTicket
FNDA:2,handleGetTicket
FNDA:0,(anonymous_21)
FNDA:1,handleGetTickets
FNDA:1,handleUpdateTicketStatus
FNDA:3,handleUpdateTicket
FNDA:0,handleAddEvidence
FNDA:0,handleAddInvestigationStep
FNDA:0,handleAssignTicket
FNDA:0,handleCloseTicket
FNDA:0,handleDeleteTicket
FNDA:0,handleSearchTickets
FNDA:1,handleGetTicketStats
DA:1,4
DA:2,4
DA:3,4
DA:4,4
DA:5,4
DA:19,4
DA:31,4
DA:38,1
DA:39,249
DA:40,242
DA:47,1
DA:51,3
DA:52,3
DA:53,3
DA:54,3
DA:58,3
DA:59,3
DA:60,3
DA:61,0
DA:63,3
DA:64,3
DA:66,3
DA:68,3
DA:69,3
DA:78,3
DA:79,3
DA:81,3
DA:87,3
DA:91,2
DA:92,2
DA:94,2
DA:95,2
DA:97,2
DA:98,0
DA:100,2
DA:101,1
DA:104,1
DA:110,1
DA:114,1
DA:115,1
DA:117,1
DA:118,0
DA:120,1
DA:121,1
DA:124,0
DA:126,0
DA:130,0
DA:131,0
DA:132,0
DA:133,0
DA:137,0
DA:138,0
DA:139,0
DA:141,0
DA:147,0
DA:148,0
DA:149,0
DA:152,0
DA:153,0
DA:154,0
DA:157,0
DA:158,0
DA:161,0
DA:162,0
DA:164,0
DA:165,0
DA:169,0
DA:170,0
DA:171,0
DA:173,0
DA:177,1
DA:178,1
DA:179,1
DA:183,1
DA:184,1
DA:185,1
DA:186,1
DA:187,1
DA:197,1
DA:198,1
DA:199,1
DA:200,1
DA:201,0
DA:203,1
DA:207,1
DA:208,1
DA:209,1
DA:210,1
DA:211,1
DA:212,0
DA:214,1
DA:218,1
DA:219,1
DA:220,1
DA:224,1
DA:225,1
DA:226,1
DA:229,4
DA:230,4
DA:233,10
DA:234,10
DA:235,2
DA:237,8
DA:241,2
DA:242,2
DA:243,1
DA:245,1
DA:246,1
DA:250,1
DA:262,1
DA:266,1
DA:267,1
DA:268,0
DA:269,0
DA:271,1
DA:275,3
DA:276,3
DA:277,2
DA:278,2
DA:280,1
DA:284,0
DA:285,0
DA:286,0
DA:288,0
DA:292,0
DA:293,0
DA:294,0
DA:296,0
DA:300,0
DA:301,0
DA:302,0
DA:304,0
DA:308,0
DA:309,0
DA:310,0
DA:312,0
DA:316,0
DA:317,0
DA:318,0
DA:320,0
DA:324,0
DA:325,0
DA:326,0
DA:330,1
DA:333,4
LF:145
LH:89
BRDA:52,0,0,0
BRDA:52,0,1,3
BRDA:53,1,0,0
BRDA:53,1,1,3
BRDA:59,2,0,3
BRDA:59,2,1,0
BRDA:59,2,2,0
BRDA:60,3,0,0
BRDA:60,3,1,3
BRDA:64,4,0,0
BRDA:64,4,1,3
BRDA:64,5,0,3
BRDA:64,5,1,3
BRDA:79,6,0,0
BRDA:79,6,1,3
BRDA:92,7,0,0
BRDA:92,7,1,2
BRDA:97,8,0,0
BRDA:97,8,1,2
BRDA:100,9,0,1
BRDA:100,9,1,1
BRDA:117,10,0,0
BRDA:117,10,1,1
BRDA:120,11,0,1
BRDA:120,11,1,0
BRDA:132,12,0,0
BRDA:132,12,1,0
BRDA:139,13,0,0
BRDA:139,13,1,0
BRDA:147,14,0,0
BRDA:147,14,1,0
BRDA:147,15,0,0
BRDA:147,15,1,0
BRDA:148,16,0,0
BRDA:148,16,1,0
BRDA:152,17,0,0
BRDA:152,17,1,0
BRDA:157,18,0,0
BRDA:157,18,1,0
BRDA:191,19,0,1
BRDA:191,19,1,0
BRDA:192,20,0,0
BRDA:192,20,1,1
BRDA:200,21,0,0
BRDA:200,21,1,1
BRDA:211,22,0,0
BRDA:211,22,1,1
BRDA:234,23,0,2
BRDA:234,23,1,8
BRDA:242,24,0,1
BRDA:242,24,1,1
BRDA:246,25,0,1
BRDA:246,25,1,0
BRDA:257,26,0,1
BRDA:257,26,1,1
BRDA:258,27,0,1
BRDA:258,27,1,1
BRDA:259,28,0,1
BRDA:259,28,1,1
BRDA:260,29,0,1
BRDA:260,29,1,1
BRDA:267,30,0,0
BRDA:267,30,1,1
BRDA:268,31,0,0
BRDA:268,31,1,0
BRDA:276,32,0,2
BRDA:276,32,1,1
BRDA:277,33,0,1
BRDA:277,33,1,1
BRDA:285,34,0,0
BRDA:285,34,1,0
BRDA:293,35,0,0
BRDA:293,35,1,0
BRDA:301,36,0,0
BRDA:301,36,1,0
BRDA:309,37,0,0
BRDA:309,37,1,0
BRDA:317,38,0,0
BRDA:317,38,1,0
BRDA:324,39,0,0
BRDA:324,39,1,0
BRF:81
BRH:36
end_of_record
TN:
SF:services\deviceManager.js
FN:2,(anonymous_0)
FN:7,(anonymous_1)
FN:17,(anonymous_2)
FN:29,(anonymous_3)
FN:38,(anonymous_4)
FN:39,(anonymous_5)
FN:45,(anonymous_6)
FN:54,(anonymous_7)
FN:55,(anonymous_8)
FNF:9
FNH:5
FNDA:4,(anonymous_0)
FNDA:4,(anonymous_1)
FNDA:24,(anonymous_2)
FNDA:0,(anonymous_3)
FNDA:1,(anonymous_4)
FNDA:6,(anonymous_5)
FNDA:0,(anonymous_6)
FNDA:0,(anonymous_7)
FNDA:0,(anonymous_8)
DA:3,4
DA:4,4
DA:8,4
DA:17,4
DA:18,24
DA:19,24
DA:30,0
DA:31,0
DA:32,0
DA:33,0
DA:35,0
DA:39,6
DA:46,0
DA:47,0
DA:55,0
DA:62,4
LF:16
LH:8
BRDA:32,0,0,0
BRDA:32,0,1,0
BRDA:32,1,0,0
BRDA:32,1,1,0
BRDA:46,2,0,0
BRDA:46,2,1,0
BRF:6
BRH:0
end_of_record
TN:
SF:services\grpc.js
FN:6,(anonymous_0)
FN:13,(anonymous_1)
FN:30,(anonymous_2)
FN:34,(anonymous_3)
FN:38,(anonymous_4)
FN:45,(anonymous_5)
FN:55,(anonymous_6)
FN:58,(anonymous_7)
FN:65,(anonymous_8)
FN:70,(anonymous_9)
FNF:10
FNH:4
FNDA:4,(anonymous_0)
FNDA:4,(anonymous_1)
FNDA:0,(anonymous_2)
FNDA:0,(anonymous_3)
FNDA:0,(anonymous_4)
FNDA:0,(anonymous_5)
FNDA:0,(anonymous_6)
FNDA:0,(anonymous_7)
FNDA:4,(anonymous_8)
FNDA:1,(anonymous_9)
DA:1,4
DA:2,4
DA:3,4
DA:7,4
DA:8,4
DA:9,4
DA:10,4
DA:14,4
DA:15,4
DA:23,4
DA:24,4
DA:25,4
DA:27,4
DA:29,4
DA:31,0
DA:32,0
DA:35,0
DA:36,0
DA:39,0
DA:43,0
DA:46,0
DA:50,0
DA:54,4
DA:56,0
DA:57,0
DA:59,0
DA:65,4
DA:66,4
DA:71,1
DA:72,1
DA:77,4
LF:31
LH:20
BRDA:71,0,0,1
BRDA:71,0,1,0
BRF:2
BRH:1
end_of_record
TN:
SF:services\labEngine.js
FN:2,(anonymous_0)
FN:10,(anonymous_1)
FN:16,(anonymous_2)
FN:26,(anonymous_3)
FN:48,(anonymous_4)
FN:60,(anonymous_5)
FN:70,(anonymous_6)
FN:71,(anonymous_7)
FN:71,(anonymous_8)
FN:77,(anonymous_9)
FN:86,(anonymous_10)
FN:88,(anonymous_11)
FN:97,(anonymous_12)
FN:132,(anonymous_13)
FN:153,(anonymous_14)
FN:158,(anonymous_15)
FNF:16
FNH:2
FNDA:4,(anonymous_0)
FNDA:4,(anonymous_1)
FNDA:0,(anonymous_2)
FNDA:0,(anonymous_3)
FNDA:0,(anonymous_4)
FNDA:0,(anonymous_5)
FNDA:0,(anonymous_6)
FNDA:0,(anonymous_7)
FNDA:0,(anonymous_8)
FNDA:0,(anonymous_9)
FNDA:0,(anonymous_10)
FNDA:0,(anonymous_11)
FNDA:0,(anonymous_12)
FNDA:0,(anonymous_13)
FNDA:0,(anonymous_14)
FNDA:0,(anonymous_15)
DA:3,4
DA:4,4
DA:5,4
DA:6,4
DA:7,4
DA:11,4
DA:12,4
DA:13,4
DA:17,0
DA:18,0
DA:19,0
DA:27,0
DA:28,0
DA:33,0
DA:34,0
DA:42,0
DA:43,0
DA:45,0
DA:49,0
DA:51,0
DA:52,0
DA:57,0
DA:61,0
DA:62,0
DA:64,0
DA:65,0
DA:66,0
DA:68,0
DA:69,0
DA:70,0
DA:71,0
DA:72,0
DA:74,0
DA:78,0
DA:79,0
DA:80,0
DA:81,0
DA:82,0
DA:83,0
DA:87,0
DA:88,0
DA:89,0
DA:90,0
DA:91,0
DA:92,0
DA:93,0
DA:94,0
DA:98,0
DA:99,0
DA:101,0
DA:102,0
DA:104,0
DA:105,0
DA:106,0
DA:107,0
DA:108,0
DA:109,0
DA:110,0
DA:111,0
DA:112,0
DA:113,0
DA:114,0
DA:115,0
DA:116,0
DA:117,0
DA:118,0
DA:119,0
DA:120,0
DA:121,0
DA:122,0
DA:123,0
DA:124,0
DA:126,0
DA:129,0
DA:133,0
DA:134,0
DA:135,0
DA:138,0
DA:145,0
DA:150,0
DA:154,0
DA:155,0
DA:159,0
DA:160,0
DA:161,0
DA:162,0
DA:163,0
DA:164,0
DA:167,0
DA:171,4
LF:90
LH:9
BRDA:51,0,0,0
BRDA:51,0,1,0
BRDA:61,1,0,0
BRDA:61,1,1,0
BRDA:64,2,0,0
BRDA:64,2,1,0
BRDA:66,3,0,0
BRDA:66,3,1,0
BRDA:68,4,0,0
BRDA:68,4,1,0
BRDA:69,5,0,0
BRDA:69,5,1,0
BRDA:78,6,0,0
BRDA:78,6,1,0
BRDA:79,7,0,0
BRDA:79,7,1,0
BRDA:80,8,0,0
BRDA:80,8,1,0
BRDA:81,9,0,0
BRDA:81,9,1,0
BRDA:93,10,0,0
BRDA:93,10,1,0
BRDA:99,11,0,0
BRDA:99,11,1,0
BRDA:104,12,0,0
BRDA:104,12,1,0
BRDA:110,13,0,0
BRDA:110,13,1,0
BRDA:115,14,0,0
BRDA:115,14,1,0
BRDA:119,15,0,0
BRDA:119,15,1,0
BRDA:123,16,0,0
BRDA:123,16,1,0
BRDA:134,17,0,0
BRDA:134,17,1,0
BRDA:163,18,0,0
BRDA:163,18,1,0
BRF:38
BRH:0
end_of_record
TN:
SF:services\labQualityService.js
FN:8,loadRegistry
FN:23,isQuarantined
FN:25,(anonymous_2)
FN:31,getLabStatus
FN:33,(anonymous_4)
FN:39,getQuarantinedLabIds
FN:42,(anonymous_6)
FN:43,(anonymous_7)
FN:49,getRegistry
FN:58,evaluateLabQuality
FN:77,(anonymous_10)
FNF:11
FNH:11
FNDA:276,loadRegistry
FNDA:270,isQuarantined
FNDA:4731,(anonymous_2)
FNDA:3,getLabStatus
FNDA:44,(anonymous_4)
FNDA:2,getQuarantinedLabIds
FNDA:36,(anonymous_6)
FNDA:14,(anonymous_7)
FNDA:1,getRegistry
FNDA:5,evaluateLabQuality
FNDA:5,(anonymous_10)
DA:1,5
DA:2,5
DA:4,5
DA:6,5
DA:9,276
DA:10,2
DA:11,2
DA:12,2
DA:13,2
DA:15,0
DA:16,0
DA:24,270
DA:25,4731
DA:32,3
DA:33,44
DA:40,2
DA:41,2
DA:42,36
DA:43,14
DA:50,1
DA:59,5
DA:60,0
DA:63,5
DA:64,5
DA:67,5
DA:68,5
DA:69,5
DA:70,5
DA:73,5
DA:74,5
DA:77,5
DA:78,5
DA:79,0
DA:83,5
DA:84,5
DA:85,5
DA:89,5
DA:90,5
DA:91,5
DA:95,5
DA:96,0
DA:100,5
DA:102,5
DA:114,5
LF:44
LH:39
BRDA:9,0,0,274
BRDA:9,0,1,2
BRDA:25,1,0,4731
BRDA:25,1,1,25
BRDA:33,2,0,3
BRDA:33,2,1,2
BRDA:59,3,0,0
BRDA:59,3,1,5
BRDA:59,4,0,5
BRDA:59,4,1,5
BRDA:67,5,0,0
BRDA:67,5,1,5
BRDA:68,6,0,0
BRDA:68,6,1,5
BRDA:69,7,0,0
BRDA:69,7,1,5
BRDA:70,8,0,0
BRDA:70,8,1,5
BRDA:70,9,0,5
BRDA:70,9,1,0
BRDA:73,10,0,5
BRDA:73,10,1,0
BRDA:74,11,0,0
BRDA:74,11,1,5
BRDA:77,12,0,5
BRDA:77,12,1,5
BRDA:78,13,0,0
BRDA:78,13,1,5
BRDA:83,14,0,5
BRDA:83,14,1,0
BRDA:83,14,2,0
BRDA:84,15,0,5
BRDA:84,15,1,0
BRDA:89,16,0,5
BRDA:89,16,1,0
BRDA:89,16,2,0
BRDA:89,16,3,0
BRDA:90,17,0,5
BRDA:90,17,1,0
BRDA:95,18,0,0
BRDA:95,18,1,5
BRF:41
BRH:24
end_of_record
TN:
SF:services\labService.js
FN:12,startLab
FN:82,verifyStep
FN:89,(anonymous_2)
FN:122,sendHint
FN:133,(anonymous_4)
FN:144,pushConfig
FN:167,connectCable
FN:188,disconnectCable
FN:192,(anonymous_8)
FN:200,injectError
FN:218,subscribeTelemetry
FN:227,recordStepOutput
FNF:12
FNH:8
FNDA:21,startLab
FNDA:2,verifyStep
FNDA:7,(anonymous_2)
FNDA:2,sendHint
FNDA:1,(anonymous_4)
FNDA:2,pushConfig
FNDA:2,connectCable
FNDA:0,disconnectCable
FNDA:0,(anonymous_8)
FNDA:0,injectError
FNDA:2,subscribeTelemetry
FNDA:0,recordStepOutput
DA:1,4
DA:3,4
DA:4,4
DA:13,21
DA:14,21
DA:16,20
DA:18,20
DA:32,20
DA:33,3
DA:34,6
DA:35,6
DA:36,6
DA:37,6
DA:38,6
DA:39,6
DA:40,6
DA:41,6
DA:51,6
DA:61,20
DA:62,3
DA:63,5
DA:74,20
DA:76,20
DA:83,2
DA:84,2
DA:86,2
DA:87,2
DA:89,7
DA:90,2
DA:94,1
DA:95,1
DA:97,1
DA:98,1
DA:99,1
DA:100,1
DA:101,1
DA:103,1
DA:105,1
DA:112,0
DA:113,0
DA:123,2
DA:124,2
DA:126,1
DA:127,1
DA:129,1
DA:130,0
DA:133,1
DA:134,1
DA:135,0
DA:138,1
DA:139,1
DA:141,1
DA:145,2
DA:146,2
DA:150,1
DA:152,1
DA:153,1
DA:154,1
DA:155,1
DA:156,1
DA:157,1
DA:159,1
DA:168,2
DA:169,2
DA:171,1
DA:180,1
DA:182,1
DA:189,0
DA:190,0
DA:192,0
DA:194,0
DA:201,0
DA:202,0
DA:204,0
DA:212,0
DA:213,0
DA:215,0
DA:219,2
DA:220,2
DA:228,0
DA:229,0
DA:230,0
DA:231,0
DA:232,0
DA:235,4
LF:85
LH:66
BRDA:14,0,0,1
BRDA:14,0,1,20
BRDA:32,1,0,3
BRDA:32,1,1,17
BRDA:32,2,0,20
BRDA:32,2,1,3
BRDA:34,3,0,6
BRDA:34,3,1,0
BRDA:35,4,0,6
BRDA:35,4,1,0
BRDA:37,5,0,6
BRDA:37,5,1,0
BRDA:37,6,0,6
BRDA:37,6,1,6
BRDA:39,7,0,6
BRDA:39,7,1,0
BRDA:40,8,0,6
BRDA:40,8,1,0
BRDA:42,9,0,6
BRDA:42,9,1,0
BRDA:43,10,0,6
BRDA:43,10,1,6
BRDA:44,11,0,6
BRDA:44,11,1,0
BRDA:45,12,0,6
BRDA:45,12,1,0
BRDA:46,13,0,6
BRDA:46,13,1,6
BRDA:53,14,0,6
BRDA:53,14,1,0
BRDA:61,15,0,3
BRDA:61,15,1,17
BRDA:61,16,0,20
BRDA:61,16,1,20
BRDA:67,17,0,5
BRDA:67,17,1,0
BRDA:68,18,0,5
BRDA:68,18,1,0
BRDA:84,19,0,0
BRDA:84,19,1,2
BRDA:87,20,0,0
BRDA:87,20,1,2
BRDA:90,21,0,1
BRDA:90,21,1,1
BRDA:94,22,0,1
BRDA:94,22,1,1
BRDA:97,23,0,1
BRDA:97,23,1,0
BRDA:99,24,0,1
BRDA:99,24,1,0
BRDA:124,25,0,1
BRDA:124,25,1,1
BRDA:127,26,0,0
BRDA:127,26,1,1
BRDA:129,27,0,0
BRDA:129,27,1,1
BRDA:129,28,0,1
BRDA:129,28,1,1
BRDA:129,28,2,1
BRDA:134,29,0,0
BRDA:134,29,1,1
BRDA:134,30,0,1
BRDA:134,30,1,1
BRDA:134,30,2,1
BRDA:146,31,0,1
BRDA:146,31,1,1
BRDA:150,32,0,0
BRDA:150,32,1,1
BRDA:152,33,0,1
BRDA:152,33,1,1
BRDA:154,34,0,1
BRDA:154,34,1,0
BRDA:169,35,0,1
BRDA:169,35,1,1
BRDA:190,36,0,0
BRDA:190,36,1,0
BRDA:202,37,0,0
BRDA:202,37,1,0
BRDA:212,38,0,0
BRDA:212,38,1,0
BRDA:219,39,0,2
BRDA:219,39,1,0
BRDA:229,40,0,0
BRDA:229,40,1,0
BRDA:230,41,0,0
BRDA:230,41,1,0
BRDA:231,42,0,0
BRDA:231,42,1,0
BRF:88
BRH:55
end_of_record
TN:
SF:services\postgres.js
FN:4,(anonymous_0)
FN:8,(anonymous_1)
FN:9,(anonymous_2)
FN:21,(anonymous_3)
FN:32,(anonymous_4)
FN:36,(anonymous_5)
FN:42,(anonymous_6)
FN:118,(anonymous_7)
FNF:8
FNH:5
FNDA:4,(anonymous_0)
FNDA:4,(anonymous_1)
FNDA:4,(anonymous_2)
FNDA:0,(anonymous_3)
FNDA:0,(anonymous_4)
FNDA:1,(anonymous_5)
FNDA:4,(anonymous_6)
FNDA:0,(anonymous_7)
DA:1,4
DA:5,4
DA:9,4
DA:10,4
DA:11,4
DA:21,4
DA:22,4
DA:23,4
DA:25,0
DA:26,0
DA:27,0
DA:33,0
DA:37,1
DA:38,1
DA:43,4
DA:44,0
DA:45,0
DA:47,4
DA:108,4
DA:109,4
DA:110,0
DA:111,0
DA:113,4
DA:114,4
DA:119,0
DA:120,0
DA:122,0
DA:123,0
DA:124,0
DA:125,0
DA:126,0
DA:128,0
DA:132,4
LF:33
LH:17
BRDA:12,0,0,4
BRDA:12,0,1,4
BRDA:13,1,0,4
BRDA:13,1,1,4
BRDA:14,2,0,4
BRDA:14,2,1,4
BRDA:15,3,0,4
BRDA:15,3,1,4
BRDA:16,4,0,4
BRDA:16,4,1,4
BRDA:37,5,0,1
BRDA:37,5,1,0
BRDA:43,6,0,0
BRDA:43,6,1,4
BRDA:119,7,0,0
BRDA:119,7,1,0
BRDA:125,8,0,0
BRDA:125,8,1,0
BRF:18
BRH:12
end_of_record
TN:
SF:services\progressService.js
FN:3,getLabPrerequisites
FN:9,(anonymous_1)
FN:12,buildPrerequisiteGraph
FN:14,(anonymous_3)
FN:23,getLabStatus
FN:34,(anonymous_5)
FN:44,canAccessLab
FN:48,getLockReason
FN:56,(anonymous_8)
FN:65,validateCompletionContract
FN:79,completeLab
FN:114,startLab
FN:141,getAvailableLabs
FN:144,(anonymous_13)
FN:159,getLockedLabs
FN:162,(anonymous_15)
FN:178,getProgress
FNF:17
FNH:15
FNDA:518,getLabPrerequisites
FNDA:517,(anonymous_1)
FNDA:0,buildPrerequisiteGraph
FNDA:0,(anonymous_3)
FNDA:517,getLabStatus
FNDA:6,(anonymous_5)
FNDA:10,canAccessLab
FNDA:3,getLockReason
FNDA:3,(anonymous_8)
FNDA:7,validateCompletionContract
FNDA:5,completeLab
FNDA:3,startLab
FNDA:1,getAvailableLabs
FNDA:251,(anonymous_13)
FNDA:1,getLockedLabs
FNDA:251,(anonymous_15)
FNDA:3,getProgress
DA:1,4
DA:4,518
DA:5,518
DA:6,518
DA:7,518
DA:8,518
DA:9,518
DA:13,0
DA:14,0
DA:15,0
DA:20,0
DA:24,517
DA:25,517
DA:26,517
DA:28,517
DA:30,515
DA:31,515
DA:33,515
DA:34,515
DA:36,515
DA:38,510
DA:39,510
DA:41,510
DA:45,10
DA:49,3
DA:50,3
DA:51,3
DA:53,3
DA:55,3
DA:56,3
DA:58,3
DA:59,3
DA:62,0
DA:66,7
DA:67,7
DA:68,0
DA:70,7
DA:71,7
DA:72,7
DA:73,7
DA:74,7
DA:75,7
DA:76,7
DA:80,5
DA:81,5
DA:83,5
DA:84,5
DA:85,0
DA:88,5
DA:89,0
DA:92,5
DA:93,5
DA:94,5
DA:102,5
DA:105,5
DA:106,5
DA:108,5
DA:109,5
DA:111,5
DA:115,3
DA:116,3
DA:118,3
DA:119,1
DA:122,2
DA:123,2
DA:124,2
DA:132,2
DA:135,2
DA:136,2
DA:138,2
DA:142,1
DA:143,1
DA:144,1
DA:145,251
DA:146,251
DA:147,250
DA:156,1
DA:160,1
DA:161,1
DA:162,1
DA:163,251
DA:164,251
DA:165,1
DA:175,1
DA:179,3
DA:180,3
DA:181,0
DA:190,3
DA:193,4
LF:89
LH:80
BRDA:5,0,0,0
BRDA:5,0,1,518
BRDA:6,1,0,518
BRDA:6,1,1,4
BRDA:8,2,0,34
BRDA:8,2,1,484
BRDA:25,3,0,517
BRDA:25,3,1,514
BRDA:28,4,0,2
BRDA:28,4,1,515
BRDA:31,5,0,0
BRDA:31,5,1,515
BRDA:36,6,0,5
BRDA:36,6,1,510
BRDA:39,7,0,0
BRDA:39,7,1,510
BRDA:50,8,0,3
BRDA:50,8,1,3
BRDA:53,9,0,0
BRDA:53,9,1,3
BRDA:58,10,0,3
BRDA:58,10,1,0
BRDA:67,11,0,0
BRDA:67,11,1,7
BRDA:70,12,0,0
BRDA:70,12,1,7
BRDA:71,13,0,0
BRDA:71,13,1,7
BRDA:72,14,0,0
BRDA:72,14,1,7
BRDA:73,15,0,1
BRDA:73,15,1,6
BRDA:74,16,0,0
BRDA:74,16,1,7
BRDA:75,17,0,0
BRDA:75,17,1,7
BRDA:84,18,0,0
BRDA:84,18,1,5
BRDA:88,19,0,0
BRDA:88,19,1,5
BRDA:93,20,0,5
BRDA:93,20,1,0
BRDA:105,21,0,5
BRDA:105,21,1,0
BRDA:118,22,0,1
BRDA:118,22,1,2
BRDA:123,23,0,2
BRDA:123,23,1,0
BRDA:146,24,0,250
BRDA:146,24,1,1
BRDA:164,25,0,1
BRDA:164,25,1,250
BRDA:180,26,0,0
BRDA:180,26,1,3
BRF:54
BRH:37
end_of_record
TN:
SF:services\rateLimiter.js
FN:2,(anonymous_0)
FN:8,(anonymous_1)
FN:12,(anonymous_2)
FN:23,(anonymous_3)
FN:33,(anonymous_4)
FN:37,(anonymous_5)
FN:46,(anonymous_6)
FN:48,ipRateLimiter
FN:51,check
FN:62,(anonymous_9)
FNF:10
FNH:7
FNDA:4,(anonymous_0)
FNDA:3,(anonymous_1)
FNDA:3,(anonymous_2)
FNDA:1,(anonymous_3)
FNDA:0,(anonymous_4)
FNDA:0,(anonymous_5)
FNDA:0,(anonymous_6)
FNDA:4,ipRateLimiter
FNDA:35,check
FNDA:223,(anonymous_9)
DA:3,4
DA:4,4
DA:5,4
DA:9,3
DA:13,3
DA:14,3
DA:15,3
DA:17,3
DA:18,3
DA:19,2
DA:20,2
DA:23,3
DA:25,3
DA:26,0
DA:29,3
DA:30,3
DA:34,0
DA:35,0
DA:36,0
DA:37,0
DA:38,0
DA:39,0
DA:45,4
DA:46,4
DA:49,4
DA:51,4
DA:52,35
DA:53,35
DA:54,35
DA:56,35
DA:57,35
DA:58,3
DA:59,3
DA:62,223
DA:64,35
DA:65,0
DA:68,35
DA:69,35
DA:73,4
DA:75,4
LF:40
LH:32
BRDA:2,0,0,0
BRDA:2,1,0,0
BRDA:9,2,0,3
BRDA:9,2,1,0
BRDA:9,3,0,3
BRDA:9,3,1,0
BRDA:18,4,0,2
BRDA:18,4,1,1
BRDA:25,5,0,0
BRDA:25,5,1,3
BRDA:38,6,0,0
BRDA:38,6,1,0
BRDA:48,7,0,0
BRDA:48,8,0,0
BRDA:54,9,0,35
BRDA:54,9,1,0
BRDA:57,10,0,3
BRDA:57,10,1,32
BRDA:64,11,0,0
BRDA:64,11,1,35
BRF:20
BRH:9
end_of_record
TN:
SF:services\redis.js
FN:4,(anonymous_0)
FN:9,(anonymous_1)
FN:10,(anonymous_2)
FN:20,(anonymous_3)
FN:24,(anonymous_4)
FN:30,(anonymous_5)
FN:37,(anonymous_6)
FN:47,(anonymous_7)
FN:53,(anonymous_8)
FN:57,(anonymous_9)
FN:62,(anonymous_10)
FN:70,(anonymous_11)
FN:75,(anonymous_12)
FN:85,(anonymous_13)
FNF:14
FNH:9
FNDA:4,(anonymous_0)
FNDA:4,(anonymous_1)
FNDA:4,(anonymous_2)
FNDA:4,(anonymous_3)
FNDA:4,(anonymous_4)
FNDA:4,(anonymous_5)
FNDA:4,(anonymous_6)
FNDA:1,(anonymous_7)
FNDA:4,(anonymous_8)
FNDA:0,(anonymous_9)
FNDA:0,(anonymous_10)
FNDA:0,(anonymous_11)
FNDA:0,(anonymous_12)
FNDA:0,(anonymous_13)
DA:1,4
DA:5,4
DA:6,4
DA:10,4
DA:11,4
DA:19,4
DA:20,4
DA:21,4
DA:22,4
DA:23,4
DA:24,4
DA:25,4
DA:26,4
DA:27,4
DA:30,4
DA:31,4
DA:32,4
DA:33,4
DA:37,4
DA:38,4
DA:39,0
DA:40,0
DA:41,0
DA:48,1
DA:49,0
DA:54,4
DA:58,0
DA:59,0
DA:63,0
DA:64,0
DA:65,0
DA:67,0
DA:71,0
DA:72,0
DA:76,0
DA:77,0
DA:78,0
DA:80,0
DA:81,0
DA:82,0
DA:86,0
DA:87,0
DA:88,0
DA:90,0
DA:91,0
DA:92,0
DA:96,4
LF:47
LH:23
BRDA:13,0,0,4
BRDA:13,0,1,4
BRDA:14,1,0,4
BRDA:14,1,1,4
BRDA:21,2,0,0
BRDA:21,2,1,4
BRDA:31,3,0,4
BRDA:31,3,1,0
BRDA:38,4,0,0
BRDA:38,4,1,4
BRDA:48,5,0,0
BRDA:48,5,1,1
BRDA:58,6,0,0
BRDA:58,6,1,0
BRDA:59,7,0,0
BRDA:59,7,1,0
BRDA:62,8,0,0
BRDA:63,9,0,0
BRDA:63,9,1,0
BRDA:71,10,0,0
BRDA:71,10,1,0
BRDA:76,11,0,0
BRDA:76,11,1,0
BRDA:80,12,0,0
BRDA:80,12,1,0
BRDA:86,13,0,0
BRDA:86,13,1,0
BRDA:88,14,0,0
BRDA:88,14,1,0
BRDA:91,15,0,0
BRDA:91,15,1,0
BRDA:91,16,0,0
BRDA:91,16,1,0
BRF:33
BRH:8
end_of_record
TN:
SF:services\telemetry.js
FN:2,(anonymous_0)
FN:9,(anonymous_1)
FN:14,(anonymous_2)
FN:15,(anonymous_3)
FN:20,(anonymous_4)
FN:45,(anonymous_5)
FN:49,(anonymous_6)
FN:53,(anonymous_7)
FN:61,(anonymous_8)
FN:61,(anonymous_9)
FN:68,(anonymous_10)
FN:72,(anonymous_11)
FN:74,(anonymous_12)
FNF:13
FNH:7
FNDA:4,(anonymous_0)
FNDA:4,(anonymous_1)
FNDA:4,(anonymous_2)
FNDA:1,(anonymous_3)
FNDA:6,(anonymous_4)
FNDA:48,(anonymous_5)
FNDA:0,(anonymous_6)
FNDA:1,(anonymous_7)
FNDA:0,(anonymous_8)
FNDA:0,(anonymous_9)
FNDA:0,(anonymous_10)
FNDA:0,(anonymous_11)
FNDA:0,(anonymous_12)
DA:3,4
DA:4,4
DA:5,4
DA:6,4
DA:10,4
DA:11,4
DA:15,4
DA:16,1
DA:17,1
DA:18,1
DA:20,6
DA:36,1
DA:37,1
DA:38,0
DA:41,1
DA:46,48
DA:50,0
DA:54,1
DA:55,1
DA:56,41
DA:57,17
DA:58,17
DA:59,17
DA:61,0
DA:62,0
DA:63,0
DA:69,0
DA:73,0
DA:74,0
DA:78,4
LF:30
LH:22
BRDA:16,0,0,0
BRDA:16,0,1,1
BRDA:22,1,0,6
BRDA:22,1,1,0
BRDA:37,2,0,0
BRDA:37,2,1,1
BRDA:46,3,0,48
BRDA:46,3,1,0
BRDA:56,4,0,24
BRDA:56,4,1,17
BRDA:57,5,0,17
BRDA:57,5,1,0
BRDA:62,6,0,0
BRDA:62,6,1,0
BRDA:69,7,0,0
BRDA:69,7,1,0
BRDA:72,8,0,0
BRF:17
BRH:7
end_of_record
TN:
SF:services\tickets.js
FN:10,ensureAuditLogDir
FN:18,getEncryptionKey
FN:22,encryptField
FN:31,decryptField
FN:45,logAuditEntry
FN:55,validateTicketData
FN:91,createTicket
FN:106,(anonymous_7)
FN:124,getTickets
FN:129,(anonymous_9)
FN:132,(anonymous_10)
FN:135,(anonymous_11)
FN:139,(anonymous_12)
FN:142,(anonymous_13)
FN:145,(anonymous_14)
FN:150,(anonymous_15)
FN:157,(anonymous_16)
FN:177,(anonymous_17)
FN:182,(anonymous_18)
FN:196,updateTicket
FN:215,(anonymous_20)
FN:230,(anonymous_21)
FN:236,addEvidence
FN:262,addInvestigationStep
FN:290,assignTicket
FN:308,closeTicket
FN:333,deleteTicket
FN:352,searchTickets
FN:356,(anonymous_28)
FN:366,(anonymous_29)
FN:378,getTicketStats
FN:383,(anonymous_31)
FN:384,(anonymous_32)
FN:385,(anonymous_33)
FN:387,(anonymous_34)
FN:388,(anonymous_35)
FN:389,(anonymous_36)
FN:391,(anonymous_37)
FN:396,(anonymous_38)
FN:397,(anonymous_39)
FNF:40
FNH:24
FNDA:13,ensureAuditLogDir
FNDA:41,getEncryptionKey
FNDA:25,encryptField
FNDA:28,decryptField
FNDA:13,logAuditEntry
FNDA:13,validateTicketData
FNDA:10,createTicket
FNDA:0,(anonymous_7)
FNDA:1,getTickets
FNDA:1,(anonymous_9)
FNDA:0,(anonymous_10)
FNDA:1,(anonymous_11)
FNDA:0,(anonymous_12)
FNDA:0,(anonymous_13)
FNDA:1,(anonymous_14)
FNDA:1,(anonymous_15)
FNDA:0,(anonymous_16)
FNDA:1,(anonymous_17)
FNDA:0,(anonymous_18)
FNDA:4,updateTicket
FNDA:0,(anonymous_20)
FNDA:0,(anonymous_21)
FNDA:0,addEvidence
FNDA:0,addInvestigationStep
FNDA:0,assignTicket
FNDA:0,closeTicket
FNDA:0,deleteTicket
FNDA:0,searchTickets
FNDA:0,(anonymous_28)
FNDA:0,(anonymous_29)
FNDA:1,getTicketStats
FNDA:2,(anonymous_31)
FNDA:2,(anonymous_32)
FNDA:2,(anonymous_33)
FNDA:2,(anonymous_34)
FNDA:2,(anonymous_35)
FNDA:2,(anonymous_36)
FNDA:2,(anonymous_37)
FNDA:2,(anonymous_38)
FNDA:1,(anonymous_39)
DA:1,4
DA:2,4
DA:3,4
DA:4,4
DA:5,4
DA:8,4
DA:11,13
DA:12,13
DA:13,0
DA:19,41
DA:23,25
DA:24,17
DA:25,17
DA:26,17
DA:27,17
DA:28,17
DA:32,28
DA:33,24
DA:34,24
DA:35,24
DA:36,24
DA:37,24
DA:38,24
DA:39,24
DA:41,0
DA:46,13
DA:47,13
DA:48,13
DA:49,13
DA:56,13
DA:58,13
DA:60,10
DA:61,10
DA:62,10
DA:63,10
DA:66,10
DA:67,10
DA:68,0
DA:73,13
DA:74,3
DA:75,3
DA:76,1
DA:81,13
DA:82,1
DA:85,13
DA:92,10
DA:93,10
DA:94,2
DA:97,8
DA:106,0
DA:116,8
DA:117,8
DA:118,8
DA:125,1
DA:128,1
DA:129,1
DA:131,1
DA:132,0
DA:134,1
DA:135,1
DA:137,1
DA:138,0
DA:139,0
DA:141,1
DA:142,0
DA:144,1
DA:145,1
DA:149,1
DA:150,1
DA:154,1
DA:155,1
DA:157,1
DA:158,0
DA:159,0
DA:161,0
DA:162,0
DA:164,0
DA:169,1
DA:170,1
DA:171,1
DA:172,1
DA:174,1
DA:176,1
DA:177,1
DA:182,0
DA:197,4
DA:198,4
DA:199,1
DA:202,3
DA:203,3
DA:204,1
DA:207,2
DA:210,2
DA:211,2
DA:212,2
DA:213,2
DA:214,2
DA:215,2
DA:216,2
DA:217,2
DA:218,2
DA:219,2
DA:220,2
DA:221,2
DA:224,2
DA:227,2
DA:229,2
DA:230,2
DA:237,0
DA:238,0
DA:239,0
DA:242,0
DA:251,0
DA:252,0
DA:253,0
DA:255,0
DA:256,0
DA:263,0
DA:264,0
DA:265,0
DA:268,0
DA:279,0
DA:280,0
DA:281,0
DA:283,0
DA:284,0
DA:291,0
DA:292,0
DA:293,0
DA:296,0
DA:297,0
DA:298,0
DA:299,0
DA:301,0
DA:302,0
DA:309,0
DA:310,0
DA:311,0
DA:314,0
DA:315,0
DA:318,0
DA:319,0
DA:320,0
DA:321,0
DA:322,0
DA:323,0
DA:324,0
DA:326,0
DA:327,0
DA:334,0
DA:335,0
DA:336,0
DA:340,0
DA:341,0
DA:344,0
DA:345,0
DA:346,0
DA:353,0
DA:354,0
DA:356,0
DA:357,0
DA:366,0
DA:367,0
DA:371,0
DA:372,0
DA:379,1
DA:381,1
DA:383,2
DA:384,2
DA:385,2
DA:387,2
DA:388,2
DA:389,2
DA:392,2
DA:393,2
DA:396,2
DA:397,1
DA:401,1
DA:402,1
DA:405,4
LF:180
LH:109
BRDA:12,0,0,0
BRDA:12,0,1,13
BRDA:19,1,0,41
BRDA:19,1,1,41
BRDA:19,2,0,41
BRDA:19,2,1,41
BRDA:23,3,0,8
BRDA:23,3,1,17
BRDA:32,4,0,4
BRDA:32,4,1,24
BRDA:32,5,0,28
BRDA:32,5,1,24
BRDA:32,5,2,24
BRDA:55,6,0,10
BRDA:58,7,0,10
BRDA:58,7,1,3
BRDA:60,8,0,1
BRDA:60,8,1,9
BRDA:61,9,0,0
BRDA:61,9,1,10
BRDA:62,10,0,0
BRDA:62,10,1,10
BRDA:63,11,0,0
BRDA:63,11,1,10
BRDA:67,12,0,0
BRDA:67,12,1,10
BRDA:67,13,0,10
BRDA:67,13,1,10
BRDA:73,14,0,3
BRDA:73,14,1,10
BRDA:73,15,0,13
BRDA:73,15,1,3
BRDA:75,16,0,1
BRDA:75,16,1,2
BRDA:81,17,0,1
BRDA:81,17,1,12
BRDA:81,18,0,13
BRDA:81,18,1,9
BRDA:93,19,0,2
BRDA:93,19,1,8
BRDA:106,20,0,8
BRDA:106,20,1,8
BRDA:107,21,0,8
BRDA:107,21,1,8
BRDA:108,22,0,8
BRDA:108,22,1,4
BRDA:109,23,0,8
BRDA:109,23,1,7
BRDA:110,24,0,8
BRDA:110,24,1,8
BRDA:112,25,0,8
BRDA:112,25,1,8
BRDA:113,26,0,8
BRDA:113,26,1,7
BRDA:124,27,0,0
BRDA:128,28,0,1
BRDA:128,28,1,0
BRDA:131,29,0,0
BRDA:131,29,1,1
BRDA:134,30,0,1
BRDA:134,30,1,0
BRDA:137,31,0,0
BRDA:137,31,1,1
BRDA:141,32,0,0
BRDA:141,32,1,1
BRDA:144,33,0,1
BRDA:144,33,1,0
BRDA:149,34,0,1
BRDA:149,34,1,0
BRDA:154,35,0,1
BRDA:154,35,1,0
BRDA:155,36,0,1
BRDA:155,36,1,0
BRDA:158,37,0,0
BRDA:158,37,1,0
BRDA:159,38,0,0
BRDA:159,38,1,0
BRDA:161,39,0,0
BRDA:161,39,1,0
BRDA:162,40,0,0
BRDA:162,40,1,0
BRDA:162,41,0,0
BRDA:162,41,1,0
BRDA:164,42,0,0
BRDA:164,42,1,0
BRDA:164,43,0,0
BRDA:164,43,1,0
BRDA:169,44,0,1
BRDA:169,44,1,0
BRDA:170,45,0,1
BRDA:170,45,1,0
BRDA:182,46,0,1
BRDA:182,46,1,0
BRDA:198,47,0,1
BRDA:198,47,1,3
BRDA:203,48,0,1
BRDA:203,48,1,2
BRDA:210,49,0,0
BRDA:210,49,1,2
BRDA:211,50,0,1
BRDA:211,50,1,1
BRDA:212,51,0,2
BRDA:212,51,1,0
BRDA:213,52,0,1
BRDA:213,52,1,1
BRDA:214,53,0,1
BRDA:214,53,1,1
BRDA:215,54,0,0
BRDA:215,54,1,2
BRDA:216,55,0,0
BRDA:216,55,1,2
BRDA:217,56,0,0
BRDA:217,56,1,2
BRDA:218,57,0,0
BRDA:218,57,1,2
BRDA:219,58,0,0
BRDA:219,58,1,2
BRDA:220,59,0,0
BRDA:220,59,1,2
BRDA:221,60,0,0
BRDA:221,60,1,2
BRDA:229,61,0,2
BRDA:229,61,1,2
BRDA:230,62,0,2
BRDA:230,62,1,0
BRDA:238,63,0,0
BRDA:238,63,1,0
BRDA:244,64,0,0
BRDA:244,64,1,0
BRDA:245,65,0,0
BRDA:245,65,1,0
BRDA:246,66,0,0
BRDA:246,66,1,0
BRDA:248,67,0,0
BRDA:248,67,1,0
BRDA:251,68,0,0
BRDA:251,68,1,0
BRDA:255,69,0,0
BRDA:255,69,1,0
BRDA:264,70,0,0
BRDA:264,70,1,0
BRDA:272,71,0,0
BRDA:272,71,1,0
BRDA:273,72,0,0
BRDA:273,72,1,0
BRDA:279,73,0,0
BRDA:279,73,1,0
BRDA:283,74,0,0
BRDA:283,74,1,0
BRDA:292,75,0,0
BRDA:292,75,1,0
BRDA:310,76,0,0
BRDA:310,76,1,0
BRDA:314,77,0,0
BRDA:314,77,1,0
BRDA:320,78,0,0
BRDA:320,78,1,0
BRDA:321,79,0,0
BRDA:321,79,1,0
BRDA:322,80,0,0
BRDA:322,80,1,0
BRDA:323,81,0,0
BRDA:323,81,1,0
BRDA:335,82,0,0
BRDA:335,82,1,0
BRDA:340,83,0,0
BRDA:340,83,1,0
BRDA:345,84,0,0
BRDA:345,84,1,0
BRDA:367,85,0,0
BRDA:367,85,1,0
BRDA:392,86,0,2
BRDA:392,86,1,2
BRF:173
BRH:85
end_of_record
TN:
SF:services\verificationService.js
FN:7,normalizeVerificationType
FN:23,createVerificationResult
FN:33,(anonymous_2)
FN:39,verifyState
FN:64,verifyPing
FN:74,(anonymous_5)
FN:92,(anonymous_6)
FN:160,state_check
FN:164,ping
FN:168,verifyStep
FNF:10
FNH:5
FNDA:1,normalizeVerificationType
FNDA:1,createVerificationResult
FNDA:0,(anonymous_2)
FNDA:0,verifyState
FNDA:1,verifyPing
FNDA:2,(anonymous_5)
FNDA:0,(anonymous_6)
FNDA:0,state_check
FNDA:0,ping
FNDA:1,verifyStep
DA:1,4
DA:3,4
DA:5,4
DA:8,1
DA:10,1
DA:12,1
DA:13,1
DA:16,0
DA:17,0
DA:20,0
DA:24,1
DA:34,0
DA:40,0
DA:42,0
DA:44,0
DA:46,0
DA:48,0
DA:50,0
DA:52,0
DA:53,0
DA:55,0
DA:57,0
DA:65,1
DA:67,1
DA:68,1
DA:70,1
DA:71,1
DA:72,1
DA:73,1
DA:74,2
DA:75,1
DA:76,1
DA:81,1
DA:82,0
DA:87,1
DA:88,1
DA:89,1
DA:90,1
DA:91,0
DA:92,0
DA:93,0
DA:94,0
DA:95,0
DA:96,0
DA:97,0
DA:98,0
DA:99,0
DA:100,0
DA:110,1
DA:111,1
DA:112,0
DA:113,0
DA:114,0
DA:115,0
DA:121,0
DA:125,1
DA:126,1
DA:127,1
DA:128,1
DA:129,1
DA:130,1
DA:131,1
DA:132,1
DA:134,1
DA:135,2
DA:136,1
DA:137,1
DA:138,1
DA:139,1
DA:140,1
DA:144,1
DA:145,1
DA:146,1
DA:156,0
DA:161,0
DA:165,0
DA:169,1
DA:170,0
DA:178,0
DA:179,0
DA:182,1
DA:183,1
DA:184,1
DA:185,1
DA:187,1
DA:188,0
DA:197,0
DA:200,1
DA:204,1
DA:205,0
DA:206,0
DA:215,1
DA:216,1
DA:217,1
DA:227,0
DA:229,0
DA:230,0
DA:239,0
DA:242,0
DA:243,0
DA:244,0
DA:254,0
DA:266,1
DA:270,1
DA:273,4
LF:105
LH:57
BRDA:8,0,0,0
BRDA:8,0,1,1
BRDA:12,1,0,1
BRDA:12,1,1,0
BRDA:16,2,0,0
BRDA:16,2,1,0
BRDA:23,3,0,0
BRDA:23,4,0,0
BRDA:23,5,0,0
BRDA:42,6,0,0
BRDA:42,6,1,0
BRDA:44,7,0,0
BRDA:44,7,1,0
BRDA:46,8,0,0
BRDA:46,8,1,0
BRDA:48,9,0,0
BRDA:48,9,1,0
BRDA:50,10,0,0
BRDA:50,10,1,0
BRDA:52,11,0,0
BRDA:52,11,1,0
BRDA:53,12,0,0
BRDA:53,12,1,0
BRDA:55,13,0,0
BRDA:55,13,1,0
BRDA:59,14,0,0
BRDA:59,14,1,0
BRDA:70,15,0,1
BRDA:70,15,1,0
BRDA:71,16,0,1
BRDA:71,16,1,1
BRDA:72,17,0,1
BRDA:72,17,1,0
BRDA:73,18,0,1
BRDA:73,18,1,0
BRDA:75,19,0,1
BRDA:75,19,1,0
BRDA:81,20,0,0
BRDA:81,20,1,1
BRDA:81,21,0,1
BRDA:81,21,1,0
BRDA:87,22,0,1
BRDA:87,22,1,1
BRDA:88,23,0,1
BRDA:88,23,1,0
BRDA:88,24,0,1
BRDA:88,24,1,1
BRDA:88,24,2,1
BRDA:90,25,0,0
BRDA:90,25,1,1
BRDA:90,26,0,1
BRDA:90,26,1,0
BRDA:93,27,0,0
BRDA:93,27,1,0
BRDA:95,28,0,0
BRDA:95,28,1,0
BRDA:95,29,0,0
BRDA:95,29,1,0
BRDA:97,30,0,0
BRDA:97,30,1,0
BRDA:99,31,0,0
BRDA:99,31,1,0
BRDA:102,32,0,0
BRDA:102,32,1,0
BRDA:110,33,0,0
BRDA:110,33,1,1
BRDA:110,34,0,1
BRDA:110,34,1,0
BRDA:110,35,0,0
BRDA:110,35,1,1
BRDA:110,36,0,1
BRDA:110,36,1,0
BRDA:111,37,0,0
BRDA:111,37,1,1
BRDA:111,38,0,1
BRDA:111,38,1,0
BRDA:111,38,2,0
BRDA:111,38,3,0
BRDA:114,39,0,0
BRDA:114,39,1,0
BRDA:117,40,0,0
BRDA:117,40,1,0
BRDA:117,41,0,0
BRDA:117,41,1,0
BRDA:125,42,0,1
BRDA:125,42,1,0
BRDA:125,43,0,1
BRDA:125,43,1,1
BRDA:127,44,0,1
BRDA:127,44,1,0
BRDA:127,45,0,1
BRDA:127,45,1,1
BRDA:128,46,0,1
BRDA:128,46,1,0
BRDA:129,47,0,1
BRDA:129,47,1,0
BRDA:129,48,0,1
BRDA:129,48,1,1
BRDA:129,48,2,1
BRDA:135,49,0,1
BRDA:135,49,1,1
BRDA:136,50,0,1
BRDA:136,50,1,1
BRDA:137,51,0,1
BRDA:137,51,1,0
BRDA:137,52,0,1
BRDA:137,52,1,1
BRDA:137,52,2,1
BRDA:144,53,0,1
BRDA:144,53,1,0
BRDA:144,54,0,1
BRDA:144,54,1,1
BRDA:148,55,0,1
BRDA:148,55,1,0
BRDA:168,56,0,1
BRDA:169,57,0,0
BRDA:169,57,1,1
BRDA:169,58,0,1
BRDA:169,58,1,1
BRDA:178,59,0,0
BRDA:178,59,1,0
BRDA:182,60,0,1
BRDA:182,60,1,0
BRDA:187,61,0,0
BRDA:187,61,1,1
BRDA:192,62,0,0
BRDA:192,62,1,0
BRDA:200,63,0,0
BRDA:200,63,1,1
BRDA:204,64,0,0
BRDA:204,64,1,1
BRDA:212,65,0,0
BRDA:212,65,1,0
BRDA:213,66,0,0
BRDA:213,66,1,0
BRDA:215,67,0,1
BRDA:215,67,1,0
BRDA:216,68,0,1
BRDA:216,68,1,1
BRDA:223,69,0,1
BRDA:223,69,1,0
BRDA:224,70,0,1
BRDA:224,70,1,0
BRDA:229,71,0,0
BRDA:229,71,1,0
BRDA:248,72,0,0
BRDA:248,72,1,0
BRDA:248,73,0,0
BRDA:248,73,1,0
BRDA:249,74,0,0
BRDA:249,74,1,0
BRDA:250,75,0,0
BRDA:250,75,1,0
BRDA:251,76,0,0
BRDA:251,76,1,0
BRDA:266,77,0,1
BRDA:266,77,1,0
BRF:157
BRH:61
end_of_record
TN:
SF:state\state.js
FNF:0
FNH:0
DA:1,4
DA:3,4
DA:4,4
DA:5,4
DA:6,4
DA:7,4
DA:8,4
DA:9,4
DA:11,4
LF:9
LH:9
BRF:0
BRH:0
end_of_record
TN:
SF:websocket\connection.js
FN:11,isOriginAllowed
FN:17,handleConnection
FN:39,(anonymous_2)
FN:48,(anonymous_3)
FN:53,(anonymous_4)
FNF:5
FNH:4
FNDA:48,isOriginAllowed
FNDA:48,handleConnection
FNDA:39,(anonymous_2)
FNDA:29,(anonymous_3)
FNDA:0,(anonymous_4)
DA:1,4
DA:3,4
DA:5,4
DA:12,48
DA:13,48
DA:14,0
DA:18,48
DA:19,0
DA:20,0
DA:22,48
DA:23,48
DA:33,48
DA:34,48
DA:36,48
DA:37,48
DA:39,48
DA:40,39
DA:41,39
DA:42,38
DA:44,1
DA:48,48
DA:49,29
DA:50,29
DA:53,48
DA:54,0
DA:55,0
DA:59,4
LF:27
LH:22
BRDA:6,0,0,4
BRDA:6,0,1,0
BRDA:7,1,0,4
BRDA:7,1,1,0
BRDA:8,2,0,4
BRDA:8,2,1,0
BRDA:12,3,0,48
BRDA:12,3,1,48
BRDA:13,4,0,48
BRDA:13,4,1,0
BRDA:18,5,0,0
BRDA:18,5,1,48
BRF:12
BRH:7
end_of_record
TN:
SF:websocket\messages.js
FN:19,validateMessage
FN:35,handleMessage
FN:77,handleStartLab
FN:90,handleVerifyStep
FN:105,handleSendHint
FN:117,handlePushConfig
FN:126,handleSyncDeviceState
FN:137,handleConnectCable
FN:146,handleDisconnectCable
FN:155,handleInjectError
FN:164,handleSubscribeTelemetry
FN:169,serializeState
FNF:12
FNH:10
FNDA:38,validateMessage
FNDA:38,handleMessage
FNDA:18,handleStartLab
FNDA:3,handleVerifyStep
FNDA:2,handleSendHint
FNDA:2,handlePushConfig
FNDA:3,handleSyncDeviceState
FNDA:2,handleConnectCable
FNDA:0,handleDisconnectCable
FNDA:0,handleInjectError
FNDA:2,handleSubscribeTelemetry
FNDA:17,serializeState
DA:1,4
DA:11,4
DA:20,38
DA:21,0
DA:23,38
DA:24,1
DA:26,37
DA:27,2
DA:29,35
DA:30,2
DA:32,33
DA:36,38
DA:37,38
DA:38,5
DA:39,5
DA:42,33
DA:44,33
DA:46,18
DA:49,3
DA:52,2
DA:55,2
DA:58,3
DA:61,2
DA:64,0
DA:67,0
DA:70,2
DA:73,1
DA:78,18
DA:79,18
DA:80,1
DA:81,1
DA:83,17
DA:91,3
DA:92,3
DA:93,1
DA:94,1
DA:97,2
DA:98,2
DA:99,1
DA:100,1
DA:102,1
DA:106,2
DA:107,0
DA:109,2
DA:110,2
DA:111,1
DA:112,1
DA:114,1
DA:118,2
DA:119,2
DA:120,1
DA:121,1
DA:123,1
DA:128,3
DA:129,3
DA:131,3
DA:132,3
DA:134,3
DA:138,2
DA:139,2
DA:140,1
DA:141,1
DA:143,1
DA:147,0
DA:148,0
DA:149,0
DA:150,0
DA:152,0
DA:156,0
DA:157,0
DA:158,0
DA:159,0
DA:161,0
DA:165,2
DA:166,2
DA:170,17
DA:177,4
LF:77
LH:63
BRDA:20,0,0,0
BRDA:20,0,1,38
BRDA:20,1,0,38
BRDA:20,1,1,38
BRDA:23,2,0,1
BRDA:23,2,1,37
BRDA:23,3,0,38
BRDA:23,3,1,19
BRDA:26,4,0,2
BRDA:26,4,1,35
BRDA:26,5,0,37
BRDA:26,5,1,33
BRDA:26,5,2,9
BRDA:29,6,0,2
BRDA:29,6,1,33
BRDA:29,7,0,35
BRDA:29,7,1,4
BRDA:29,7,2,3
BRDA:29,7,3,2
BRDA:37,8,0,5
BRDA:37,8,1,33
BRDA:44,9,0,18
BRDA:44,9,1,3
BRDA:44,9,2,2
BRDA:44,9,3,2
BRDA:44,9,4,3
BRDA:44,9,5,2
BRDA:44,9,6,0
BRDA:44,9,7,0
BRDA:44,9,8,2
BRDA:44,9,9,1
BRDA:79,10,0,1
BRDA:79,10,1,17
BRDA:92,11,0,1
BRDA:92,11,1,2
BRDA:98,12,0,1
BRDA:98,12,1,1
BRDA:106,13,0,0
BRDA:106,13,1,2
BRDA:106,14,0,2
BRDA:106,14,1,2
BRDA:110,15,0,1
BRDA:110,15,1,1
BRDA:119,16,0,1
BRDA:119,16,1,1
BRDA:129,17,0,0
BRDA:129,17,1,3
BRDA:131,18,0,0
BRDA:131,18,1,3
BRDA:139,19,0,1
BRDA:139,19,1,1
BRDA:148,20,0,0
BRDA:148,20,1,0
BRDA:157,21,0,0
BRDA:157,21,1,0
BRF:55
BRH:45
end_of_record
